[2025-10-24T04:55:16.111+0000] {processor.py:161} INFO - Started process (PID=25) to work on /opt/airflow/dags/hello_taskflow.py
[2025-10-24T04:55:16.112+0000] {processor.py:830} INFO - Processing file /opt/airflow/dags/hello_taskflow.py for tasks to queue
[2025-10-24T04:55:16.114+0000] {logging_mixin.py:188} INFO - [2025-10-24T04:55:16.114+0000] {dagbag.py:545} INFO - Filling up the DagBag from /opt/airflow/dags/hello_taskflow.py
[2025-10-24T04:55:16.141+0000] {processor.py:840} INFO - DAG(s) 'hello_dag' retrieved from /opt/airflow/dags/hello_taskflow.py
[2025-10-24T04:55:16.166+0000] {logging_mixin.py:188} INFO - [2025-10-24T04:55:16.165+0000] {dag.py:3089} INFO - Sync 1 DAGs
[2025-10-24T04:55:16.175+0000] {logging_mixin.py:188} INFO - [2025-10-24T04:55:16.175+0000] {dag.py:3947} INFO - Setting next_dagrun for hello_dag to None, run_after=None
[2025-10-24T04:55:16.207+0000] {processor.py:183} INFO - Processing /opt/airflow/dags/hello_taskflow.py took 0.101 seconds
[2025-10-24T04:55:46.687+0000] {processor.py:161} INFO - Started process (PID=26) to work on /opt/airflow/dags/hello_taskflow.py
[2025-10-24T04:55:46.689+0000] {processor.py:830} INFO - Processing file /opt/airflow/dags/hello_taskflow.py for tasks to queue
[2025-10-24T04:55:46.693+0000] {logging_mixin.py:188} INFO - [2025-10-24T04:55:46.692+0000] {dagbag.py:545} INFO - Filling up the DagBag from /opt/airflow/dags/hello_taskflow.py
[2025-10-24T04:55:46.741+0000] {processor.py:840} INFO - DAG(s) 'hello_dag' retrieved from /opt/airflow/dags/hello_taskflow.py
[2025-10-24T04:55:46.994+0000] {logging_mixin.py:188} INFO - [2025-10-24T04:55:46.994+0000] {dag.py:3089} INFO - Sync 1 DAGs
[2025-10-24T04:55:47.003+0000] {logging_mixin.py:188} INFO - [2025-10-24T04:55:47.003+0000] {dag.py:3947} INFO - Setting next_dagrun for hello_dag to None, run_after=None
[2025-10-24T04:55:47.022+0000] {processor.py:183} INFO - Processing /opt/airflow/dags/hello_taskflow.py took 0.353 seconds
[2025-10-24T04:56:17.160+0000] {processor.py:161} INFO - Started process (PID=27) to work on /opt/airflow/dags/hello_taskflow.py
[2025-10-24T04:56:17.162+0000] {processor.py:830} INFO - Processing file /opt/airflow/dags/hello_taskflow.py for tasks to queue
[2025-10-24T04:56:17.168+0000] {logging_mixin.py:188} INFO - [2025-10-24T04:56:17.167+0000] {dagbag.py:545} INFO - Filling up the DagBag from /opt/airflow/dags/hello_taskflow.py
[2025-10-24T04:56:17.186+0000] {processor.py:840} INFO - DAG(s) 'hello_dag' retrieved from /opt/airflow/dags/hello_taskflow.py
[2025-10-24T04:56:17.241+0000] {logging_mixin.py:188} INFO - [2025-10-24T04:56:17.241+0000] {dag.py:3089} INFO - Sync 1 DAGs
[2025-10-24T04:56:17.257+0000] {logging_mixin.py:188} INFO - [2025-10-24T04:56:17.257+0000] {dag.py:3947} INFO - Setting next_dagrun for hello_dag to None, run_after=None
[2025-10-24T04:56:17.276+0000] {processor.py:183} INFO - Processing /opt/airflow/dags/hello_taskflow.py took 0.128 seconds
[2025-10-24T04:56:47.659+0000] {processor.py:161} INFO - Started process (PID=28) to work on /opt/airflow/dags/hello_taskflow.py
[2025-10-24T04:56:47.660+0000] {processor.py:830} INFO - Processing file /opt/airflow/dags/hello_taskflow.py for tasks to queue
[2025-10-24T04:56:47.663+0000] {logging_mixin.py:188} INFO - [2025-10-24T04:56:47.663+0000] {dagbag.py:545} INFO - Filling up the DagBag from /opt/airflow/dags/hello_taskflow.py
[2025-10-24T04:56:47.686+0000] {processor.py:840} INFO - DAG(s) 'hello_dag' retrieved from /opt/airflow/dags/hello_taskflow.py
[2025-10-24T04:56:47.733+0000] {logging_mixin.py:188} INFO - [2025-10-24T04:56:47.733+0000] {dag.py:3089} INFO - Sync 1 DAGs
[2025-10-24T04:56:47.746+0000] {logging_mixin.py:188} INFO - [2025-10-24T04:56:47.746+0000] {dag.py:3947} INFO - Setting next_dagrun for hello_dag to None, run_after=None
[2025-10-24T04:56:47.765+0000] {processor.py:183} INFO - Processing /opt/airflow/dags/hello_taskflow.py took 0.120 seconds
[2025-10-24T04:57:18.064+0000] {processor.py:161} INFO - Started process (PID=29) to work on /opt/airflow/dags/hello_taskflow.py
[2025-10-24T04:57:18.068+0000] {processor.py:830} INFO - Processing file /opt/airflow/dags/hello_taskflow.py for tasks to queue
[2025-10-24T04:57:18.082+0000] {logging_mixin.py:188} INFO - [2025-10-24T04:57:18.080+0000] {dagbag.py:545} INFO - Filling up the DagBag from /opt/airflow/dags/hello_taskflow.py
[2025-10-24T04:57:18.118+0000] {processor.py:840} INFO - DAG(s) 'hello_dag' retrieved from /opt/airflow/dags/hello_taskflow.py
[2025-10-24T04:57:18.200+0000] {logging_mixin.py:188} INFO - [2025-10-24T04:57:18.199+0000] {dag.py:3089} INFO - Sync 1 DAGs
[2025-10-24T04:57:18.239+0000] {logging_mixin.py:188} INFO - [2025-10-24T04:57:18.239+0000] {dag.py:3947} INFO - Setting next_dagrun for hello_dag to None, run_after=None
[2025-10-24T04:57:18.270+0000] {processor.py:183} INFO - Processing /opt/airflow/dags/hello_taskflow.py took 0.221 seconds
[2025-10-24T04:57:48.507+0000] {processor.py:161} INFO - Started process (PID=30) to work on /opt/airflow/dags/hello_taskflow.py
[2025-10-24T04:57:48.509+0000] {processor.py:830} INFO - Processing file /opt/airflow/dags/hello_taskflow.py for tasks to queue
[2025-10-24T04:57:48.513+0000] {logging_mixin.py:188} INFO - [2025-10-24T04:57:48.512+0000] {dagbag.py:545} INFO - Filling up the DagBag from /opt/airflow/dags/hello_taskflow.py
[2025-10-24T04:57:48.539+0000] {processor.py:840} INFO - DAG(s) 'hello_dag' retrieved from /opt/airflow/dags/hello_taskflow.py
[2025-10-24T04:57:48.593+0000] {logging_mixin.py:188} INFO - [2025-10-24T04:57:48.593+0000] {dag.py:3089} INFO - Sync 1 DAGs
[2025-10-24T04:57:48.610+0000] {logging_mixin.py:188} INFO - [2025-10-24T04:57:48.609+0000] {dag.py:3947} INFO - Setting next_dagrun for hello_dag to None, run_after=None
[2025-10-24T04:57:48.624+0000] {processor.py:183} INFO - Processing /opt/airflow/dags/hello_taskflow.py took 0.133 seconds
[2025-10-24T04:58:18.984+0000] {processor.py:161} INFO - Started process (PID=31) to work on /opt/airflow/dags/hello_taskflow.py
[2025-10-24T04:58:18.986+0000] {processor.py:830} INFO - Processing file /opt/airflow/dags/hello_taskflow.py for tasks to queue
[2025-10-24T04:58:18.990+0000] {logging_mixin.py:188} INFO - [2025-10-24T04:58:18.989+0000] {dagbag.py:545} INFO - Filling up the DagBag from /opt/airflow/dags/hello_taskflow.py
[2025-10-24T04:58:19.019+0000] {processor.py:840} INFO - DAG(s) 'hello_dag' retrieved from /opt/airflow/dags/hello_taskflow.py
[2025-10-24T04:58:19.061+0000] {logging_mixin.py:188} INFO - [2025-10-24T04:58:19.061+0000] {dag.py:3089} INFO - Sync 1 DAGs
[2025-10-24T04:58:19.075+0000] {logging_mixin.py:188} INFO - [2025-10-24T04:58:19.075+0000] {dag.py:3947} INFO - Setting next_dagrun for hello_dag to None, run_after=None
[2025-10-24T04:58:19.087+0000] {processor.py:183} INFO - Processing /opt/airflow/dags/hello_taskflow.py took 0.123 seconds
[2025-10-24T04:58:49.438+0000] {processor.py:161} INFO - Started process (PID=32) to work on /opt/airflow/dags/hello_taskflow.py
[2025-10-24T04:58:49.440+0000] {processor.py:830} INFO - Processing file /opt/airflow/dags/hello_taskflow.py for tasks to queue
[2025-10-24T04:58:49.444+0000] {logging_mixin.py:188} INFO - [2025-10-24T04:58:49.443+0000] {dagbag.py:545} INFO - Filling up the DagBag from /opt/airflow/dags/hello_taskflow.py
[2025-10-24T04:58:49.476+0000] {processor.py:840} INFO - DAG(s) 'hello_dag' retrieved from /opt/airflow/dags/hello_taskflow.py
[2025-10-24T04:58:49.518+0000] {logging_mixin.py:188} INFO - [2025-10-24T04:58:49.518+0000] {dag.py:3089} INFO - Sync 1 DAGs
[2025-10-24T04:58:49.531+0000] {logging_mixin.py:188} INFO - [2025-10-24T04:58:49.531+0000] {dag.py:3947} INFO - Setting next_dagrun for hello_dag to None, run_after=None
[2025-10-24T04:58:49.545+0000] {processor.py:183} INFO - Processing /opt/airflow/dags/hello_taskflow.py took 0.122 seconds
[2025-10-24T04:59:20.095+0000] {processor.py:161} INFO - Started process (PID=33) to work on /opt/airflow/dags/hello_taskflow.py
[2025-10-24T04:59:20.097+0000] {processor.py:830} INFO - Processing file /opt/airflow/dags/hello_taskflow.py for tasks to queue
[2025-10-24T04:59:20.102+0000] {logging_mixin.py:188} INFO - [2025-10-24T04:59:20.100+0000] {dagbag.py:545} INFO - Filling up the DagBag from /opt/airflow/dags/hello_taskflow.py
[2025-10-24T04:59:20.125+0000] {processor.py:840} INFO - DAG(s) 'hello_dag' retrieved from /opt/airflow/dags/hello_taskflow.py
[2025-10-24T04:59:20.163+0000] {logging_mixin.py:188} INFO - [2025-10-24T04:59:20.163+0000] {dag.py:3089} INFO - Sync 1 DAGs
[2025-10-24T04:59:20.183+0000] {logging_mixin.py:188} INFO - [2025-10-24T04:59:20.183+0000] {dag.py:3947} INFO - Setting next_dagrun for hello_dag to None, run_after=None
[2025-10-24T04:59:20.201+0000] {processor.py:183} INFO - Processing /opt/airflow/dags/hello_taskflow.py took 0.116 seconds
[2025-10-24T04:59:50.801+0000] {processor.py:161} INFO - Started process (PID=34) to work on /opt/airflow/dags/hello_taskflow.py
[2025-10-24T04:59:50.802+0000] {processor.py:830} INFO - Processing file /opt/airflow/dags/hello_taskflow.py for tasks to queue
[2025-10-24T04:59:50.806+0000] {logging_mixin.py:188} INFO - [2025-10-24T04:59:50.806+0000] {dagbag.py:545} INFO - Filling up the DagBag from /opt/airflow/dags/hello_taskflow.py
[2025-10-24T04:59:50.833+0000] {processor.py:840} INFO - DAG(s) 'hello_dag' retrieved from /opt/airflow/dags/hello_taskflow.py
[2025-10-24T04:59:50.855+0000] {logging_mixin.py:188} INFO - [2025-10-24T04:59:50.855+0000] {dag.py:3089} INFO - Sync 1 DAGs
[2025-10-24T04:59:50.872+0000] {logging_mixin.py:188} INFO - [2025-10-24T04:59:50.871+0000] {dag.py:3947} INFO - Setting next_dagrun for hello_dag to None, run_after=None
[2025-10-24T04:59:50.886+0000] {processor.py:183} INFO - Processing /opt/airflow/dags/hello_taskflow.py took 0.102 seconds
[2025-10-24T05:00:21.563+0000] {processor.py:161} INFO - Started process (PID=35) to work on /opt/airflow/dags/hello_taskflow.py
[2025-10-24T05:00:21.565+0000] {processor.py:830} INFO - Processing file /opt/airflow/dags/hello_taskflow.py for tasks to queue
[2025-10-24T05:00:21.569+0000] {logging_mixin.py:188} INFO - [2025-10-24T05:00:21.569+0000] {dagbag.py:545} INFO - Filling up the DagBag from /opt/airflow/dags/hello_taskflow.py
[2025-10-24T05:00:21.599+0000] {processor.py:840} INFO - DAG(s) 'hello_dag' retrieved from /opt/airflow/dags/hello_taskflow.py
[2025-10-24T05:00:21.934+0000] {logging_mixin.py:188} INFO - [2025-10-24T05:00:21.934+0000] {dag.py:3089} INFO - Sync 1 DAGs
[2025-10-24T05:00:21.959+0000] {logging_mixin.py:188} INFO - [2025-10-24T05:00:21.959+0000] {dag.py:3947} INFO - Setting next_dagrun for hello_dag to None, run_after=None
[2025-10-24T05:00:21.985+0000] {processor.py:183} INFO - Processing /opt/airflow/dags/hello_taskflow.py took 0.435 seconds
[2025-10-24T05:00:54.236+0000] {processor.py:161} INFO - Started process (PID=36) to work on /opt/airflow/dags/hello_taskflow.py
[2025-10-24T05:00:54.246+0000] {processor.py:830} INFO - Processing file /opt/airflow/dags/hello_taskflow.py for tasks to queue
[2025-10-24T05:00:54.255+0000] {logging_mixin.py:188} INFO - [2025-10-24T05:00:54.253+0000] {dagbag.py:545} INFO - Filling up the DagBag from /opt/airflow/dags/hello_taskflow.py
[2025-10-24T05:00:54.340+0000] {processor.py:840} INFO - DAG(s) 'hello_dag' retrieved from /opt/airflow/dags/hello_taskflow.py
[2025-10-24T05:00:54.429+0000] {logging_mixin.py:188} INFO - [2025-10-24T05:00:54.429+0000] {dag.py:3089} INFO - Sync 1 DAGs
[2025-10-24T05:00:54.451+0000] {logging_mixin.py:188} INFO - [2025-10-24T05:00:54.450+0000] {dag.py:3947} INFO - Setting next_dagrun for hello_dag to None, run_after=None
[2025-10-24T05:00:54.476+0000] {processor.py:183} INFO - Processing /opt/airflow/dags/hello_taskflow.py took 0.327 seconds
[2025-10-24T05:01:25.963+0000] {processor.py:161} INFO - Started process (PID=37) to work on /opt/airflow/dags/hello_taskflow.py
[2025-10-24T05:01:25.974+0000] {processor.py:830} INFO - Processing file /opt/airflow/dags/hello_taskflow.py for tasks to queue
[2025-10-24T05:01:26.009+0000] {logging_mixin.py:188} INFO - [2025-10-24T05:01:26.007+0000] {dagbag.py:545} INFO - Filling up the DagBag from /opt/airflow/dags/hello_taskflow.py
[2025-10-24T05:01:26.594+0000] {processor.py:840} INFO - DAG(s) 'hello_dag' retrieved from /opt/airflow/dags/hello_taskflow.py
[2025-10-24T05:01:27.089+0000] {logging_mixin.py:188} INFO - [2025-10-24T05:01:27.087+0000] {dag.py:3089} INFO - Sync 1 DAGs
[2025-10-24T05:01:27.133+0000] {logging_mixin.py:188} INFO - [2025-10-24T05:01:27.133+0000] {dag.py:3947} INFO - Setting next_dagrun for hello_dag to None, run_after=None
[2025-10-24T05:01:27.213+0000] {processor.py:183} INFO - Processing /opt/airflow/dags/hello_taskflow.py took 1.323 seconds
[2025-10-24T05:01:58.239+0000] {processor.py:161} INFO - Started process (PID=38) to work on /opt/airflow/dags/hello_taskflow.py
[2025-10-24T05:01:58.241+0000] {processor.py:830} INFO - Processing file /opt/airflow/dags/hello_taskflow.py for tasks to queue
[2025-10-24T05:01:58.249+0000] {logging_mixin.py:188} INFO - [2025-10-24T05:01:58.247+0000] {dagbag.py:545} INFO - Filling up the DagBag from /opt/airflow/dags/hello_taskflow.py
[2025-10-24T05:01:58.278+0000] {processor.py:840} INFO - DAG(s) 'hello_dag' retrieved from /opt/airflow/dags/hello_taskflow.py
[2025-10-24T05:01:58.305+0000] {logging_mixin.py:188} INFO - [2025-10-24T05:01:58.305+0000] {dag.py:3089} INFO - Sync 1 DAGs
[2025-10-24T05:01:58.318+0000] {logging_mixin.py:188} INFO - [2025-10-24T05:01:58.318+0000] {dag.py:3947} INFO - Setting next_dagrun for hello_dag to None, run_after=None
[2025-10-24T05:01:58.336+0000] {processor.py:183} INFO - Processing /opt/airflow/dags/hello_taskflow.py took 0.121 seconds
[2025-10-24T05:02:28.994+0000] {processor.py:161} INFO - Started process (PID=39) to work on /opt/airflow/dags/hello_taskflow.py
[2025-10-24T05:02:29.000+0000] {processor.py:830} INFO - Processing file /opt/airflow/dags/hello_taskflow.py for tasks to queue
[2025-10-24T05:02:29.013+0000] {logging_mixin.py:188} INFO - [2025-10-24T05:02:29.010+0000] {dagbag.py:545} INFO - Filling up the DagBag from /opt/airflow/dags/hello_taskflow.py
[2025-10-24T05:02:29.043+0000] {processor.py:840} INFO - DAG(s) 'hello_dag' retrieved from /opt/airflow/dags/hello_taskflow.py
[2025-10-24T05:02:29.323+0000] {logging_mixin.py:188} INFO - [2025-10-24T05:02:29.323+0000] {dag.py:3089} INFO - Sync 1 DAGs
[2025-10-24T05:02:29.335+0000] {logging_mixin.py:188} INFO - [2025-10-24T05:02:29.334+0000] {dag.py:3947} INFO - Setting next_dagrun for hello_dag to None, run_after=None
[2025-10-24T05:02:29.359+0000] {processor.py:183} INFO - Processing /opt/airflow/dags/hello_taskflow.py took 0.398 seconds
[2025-10-24T05:02:59.777+0000] {processor.py:161} INFO - Started process (PID=40) to work on /opt/airflow/dags/hello_taskflow.py
[2025-10-24T05:02:59.780+0000] {processor.py:830} INFO - Processing file /opt/airflow/dags/hello_taskflow.py for tasks to queue
[2025-10-24T05:02:59.786+0000] {logging_mixin.py:188} INFO - [2025-10-24T05:02:59.785+0000] {dagbag.py:545} INFO - Filling up the DagBag from /opt/airflow/dags/hello_taskflow.py
[2025-10-24T05:02:59.816+0000] {processor.py:840} INFO - DAG(s) 'hello_dag' retrieved from /opt/airflow/dags/hello_taskflow.py
[2025-10-24T05:02:59.880+0000] {logging_mixin.py:188} INFO - [2025-10-24T05:02:59.880+0000] {dag.py:3089} INFO - Sync 1 DAGs
[2025-10-24T05:02:59.903+0000] {logging_mixin.py:188} INFO - [2025-10-24T05:02:59.903+0000] {dag.py:3947} INFO - Setting next_dagrun for hello_dag to None, run_after=None
[2025-10-24T05:02:59.925+0000] {processor.py:183} INFO - Processing /opt/airflow/dags/hello_taskflow.py took 0.162 seconds
[2025-10-24T05:03:30.456+0000] {processor.py:161} INFO - Started process (PID=41) to work on /opt/airflow/dags/hello_taskflow.py
[2025-10-24T05:03:30.460+0000] {processor.py:830} INFO - Processing file /opt/airflow/dags/hello_taskflow.py for tasks to queue
[2025-10-24T05:03:30.468+0000] {logging_mixin.py:188} INFO - [2025-10-24T05:03:30.467+0000] {dagbag.py:545} INFO - Filling up the DagBag from /opt/airflow/dags/hello_taskflow.py
[2025-10-24T05:03:30.502+0000] {processor.py:840} INFO - DAG(s) 'hello_dag' retrieved from /opt/airflow/dags/hello_taskflow.py
[2025-10-24T05:03:30.561+0000] {logging_mixin.py:188} INFO - [2025-10-24T05:03:30.560+0000] {dag.py:3089} INFO - Sync 1 DAGs
[2025-10-24T05:03:30.574+0000] {logging_mixin.py:188} INFO - [2025-10-24T05:03:30.574+0000] {dag.py:3947} INFO - Setting next_dagrun for hello_dag to None, run_after=None
[2025-10-24T05:03:30.587+0000] {processor.py:183} INFO - Processing /opt/airflow/dags/hello_taskflow.py took 0.158 seconds
[2025-10-24T05:04:00.759+0000] {processor.py:161} INFO - Started process (PID=42) to work on /opt/airflow/dags/hello_taskflow.py
[2025-10-24T05:04:00.762+0000] {processor.py:830} INFO - Processing file /opt/airflow/dags/hello_taskflow.py for tasks to queue
[2025-10-24T05:04:00.768+0000] {logging_mixin.py:188} INFO - [2025-10-24T05:04:00.767+0000] {dagbag.py:545} INFO - Filling up the DagBag from /opt/airflow/dags/hello_taskflow.py
[2025-10-24T05:04:00.795+0000] {processor.py:840} INFO - DAG(s) 'hello_dag' retrieved from /opt/airflow/dags/hello_taskflow.py
[2025-10-24T05:04:00.850+0000] {logging_mixin.py:188} INFO - [2025-10-24T05:04:00.850+0000] {dag.py:3089} INFO - Sync 1 DAGs
[2025-10-24T05:04:00.872+0000] {logging_mixin.py:188} INFO - [2025-10-24T05:04:00.871+0000] {dag.py:3947} INFO - Setting next_dagrun for hello_dag to None, run_after=None
[2025-10-24T05:04:00.898+0000] {processor.py:183} INFO - Processing /opt/airflow/dags/hello_taskflow.py took 0.155 seconds
[2025-10-24T05:04:31.389+0000] {processor.py:161} INFO - Started process (PID=43) to work on /opt/airflow/dags/hello_taskflow.py
[2025-10-24T05:04:31.395+0000] {processor.py:830} INFO - Processing file /opt/airflow/dags/hello_taskflow.py for tasks to queue
[2025-10-24T05:04:31.411+0000] {logging_mixin.py:188} INFO - [2025-10-24T05:04:31.409+0000] {dagbag.py:545} INFO - Filling up the DagBag from /opt/airflow/dags/hello_taskflow.py
[2025-10-24T05:04:31.442+0000] {processor.py:840} INFO - DAG(s) 'hello_dag' retrieved from /opt/airflow/dags/hello_taskflow.py
[2025-10-24T05:04:31.494+0000] {logging_mixin.py:188} INFO - [2025-10-24T05:04:31.494+0000] {dag.py:3089} INFO - Sync 1 DAGs
[2025-10-24T05:04:31.508+0000] {logging_mixin.py:188} INFO - [2025-10-24T05:04:31.508+0000] {dag.py:3947} INFO - Setting next_dagrun for hello_dag to None, run_after=None
[2025-10-24T05:04:31.527+0000] {processor.py:183} INFO - Processing /opt/airflow/dags/hello_taskflow.py took 0.177 seconds
[2025-10-24T05:05:01.774+0000] {processor.py:161} INFO - Started process (PID=44) to work on /opt/airflow/dags/hello_taskflow.py
[2025-10-24T05:05:01.780+0000] {processor.py:830} INFO - Processing file /opt/airflow/dags/hello_taskflow.py for tasks to queue
[2025-10-24T05:05:01.784+0000] {logging_mixin.py:188} INFO - [2025-10-24T05:05:01.783+0000] {dagbag.py:545} INFO - Filling up the DagBag from /opt/airflow/dags/hello_taskflow.py
[2025-10-24T05:05:01.817+0000] {processor.py:840} INFO - DAG(s) 'hello_dag' retrieved from /opt/airflow/dags/hello_taskflow.py
[2025-10-24T05:05:01.868+0000] {logging_mixin.py:188} INFO - [2025-10-24T05:05:01.867+0000] {dag.py:3089} INFO - Sync 1 DAGs
[2025-10-24T05:05:01.880+0000] {logging_mixin.py:188} INFO - [2025-10-24T05:05:01.880+0000] {dag.py:3947} INFO - Setting next_dagrun for hello_dag to None, run_after=None
[2025-10-24T05:05:01.894+0000] {processor.py:183} INFO - Processing /opt/airflow/dags/hello_taskflow.py took 0.135 seconds
[2025-10-24T05:05:32.308+0000] {processor.py:161} INFO - Started process (PID=45) to work on /opt/airflow/dags/hello_taskflow.py
[2025-10-24T05:05:32.311+0000] {processor.py:830} INFO - Processing file /opt/airflow/dags/hello_taskflow.py for tasks to queue
[2025-10-24T05:05:32.316+0000] {logging_mixin.py:188} INFO - [2025-10-24T05:05:32.315+0000] {dagbag.py:545} INFO - Filling up the DagBag from /opt/airflow/dags/hello_taskflow.py
[2025-10-24T05:05:32.350+0000] {processor.py:840} INFO - DAG(s) 'hello_dag' retrieved from /opt/airflow/dags/hello_taskflow.py
[2025-10-24T05:05:32.469+0000] {logging_mixin.py:188} INFO - [2025-10-24T05:05:32.469+0000] {dag.py:3089} INFO - Sync 1 DAGs
[2025-10-24T05:05:32.513+0000] {logging_mixin.py:188} INFO - [2025-10-24T05:05:32.513+0000] {dag.py:3947} INFO - Setting next_dagrun for hello_dag to None, run_after=None
[2025-10-24T05:05:32.538+0000] {processor.py:183} INFO - Processing /opt/airflow/dags/hello_taskflow.py took 0.257 seconds
[2025-10-24T05:06:02.735+0000] {processor.py:161} INFO - Started process (PID=46) to work on /opt/airflow/dags/hello_taskflow.py
[2025-10-24T05:06:02.738+0000] {processor.py:830} INFO - Processing file /opt/airflow/dags/hello_taskflow.py for tasks to queue
[2025-10-24T05:06:02.746+0000] {logging_mixin.py:188} INFO - [2025-10-24T05:06:02.745+0000] {dagbag.py:545} INFO - Filling up the DagBag from /opt/airflow/dags/hello_taskflow.py
[2025-10-24T05:06:02.775+0000] {processor.py:840} INFO - DAG(s) 'hello_dag' retrieved from /opt/airflow/dags/hello_taskflow.py
[2025-10-24T05:06:02.820+0000] {logging_mixin.py:188} INFO - [2025-10-24T05:06:02.820+0000] {dag.py:3089} INFO - Sync 1 DAGs
[2025-10-24T05:06:02.837+0000] {logging_mixin.py:188} INFO - [2025-10-24T05:06:02.837+0000] {dag.py:3947} INFO - Setting next_dagrun for hello_dag to None, run_after=None
[2025-10-24T05:06:02.862+0000] {processor.py:183} INFO - Processing /opt/airflow/dags/hello_taskflow.py took 0.142 seconds
[2025-10-24T05:06:33.417+0000] {processor.py:161} INFO - Started process (PID=47) to work on /opt/airflow/dags/hello_taskflow.py
[2025-10-24T05:06:33.420+0000] {processor.py:830} INFO - Processing file /opt/airflow/dags/hello_taskflow.py for tasks to queue
[2025-10-24T05:06:33.431+0000] {logging_mixin.py:188} INFO - [2025-10-24T05:06:33.429+0000] {dagbag.py:545} INFO - Filling up the DagBag from /opt/airflow/dags/hello_taskflow.py
[2025-10-24T05:06:33.479+0000] {processor.py:840} INFO - DAG(s) 'hello_dag' retrieved from /opt/airflow/dags/hello_taskflow.py
[2025-10-24T05:06:33.520+0000] {logging_mixin.py:188} INFO - [2025-10-24T05:06:33.520+0000] {dag.py:3089} INFO - Sync 1 DAGs
[2025-10-24T05:06:33.549+0000] {logging_mixin.py:188} INFO - [2025-10-24T05:06:33.549+0000] {dag.py:3947} INFO - Setting next_dagrun for hello_dag to None, run_after=None
[2025-10-24T05:06:33.615+0000] {processor.py:183} INFO - Processing /opt/airflow/dags/hello_taskflow.py took 0.222 seconds
[2025-10-24T05:07:03.892+0000] {processor.py:161} INFO - Started process (PID=48) to work on /opt/airflow/dags/hello_taskflow.py
[2025-10-24T05:07:03.896+0000] {processor.py:830} INFO - Processing file /opt/airflow/dags/hello_taskflow.py for tasks to queue
[2025-10-24T05:07:03.902+0000] {logging_mixin.py:188} INFO - [2025-10-24T05:07:03.901+0000] {dagbag.py:545} INFO - Filling up the DagBag from /opt/airflow/dags/hello_taskflow.py
[2025-10-24T05:07:03.927+0000] {processor.py:840} INFO - DAG(s) 'hello_dag' retrieved from /opt/airflow/dags/hello_taskflow.py
[2025-10-24T05:07:04.174+0000] {logging_mixin.py:188} INFO - [2025-10-24T05:07:04.173+0000] {dag.py:3089} INFO - Sync 1 DAGs
[2025-10-24T05:07:04.193+0000] {logging_mixin.py:188} INFO - [2025-10-24T05:07:04.192+0000] {dag.py:3947} INFO - Setting next_dagrun for hello_dag to None, run_after=None
[2025-10-24T05:07:04.224+0000] {processor.py:183} INFO - Processing /opt/airflow/dags/hello_taskflow.py took 0.352 seconds
[2025-10-24T05:07:34.532+0000] {processor.py:161} INFO - Started process (PID=49) to work on /opt/airflow/dags/hello_taskflow.py
[2025-10-24T05:07:34.534+0000] {processor.py:830} INFO - Processing file /opt/airflow/dags/hello_taskflow.py for tasks to queue
[2025-10-24T05:07:34.543+0000] {logging_mixin.py:188} INFO - [2025-10-24T05:07:34.540+0000] {dagbag.py:545} INFO - Filling up the DagBag from /opt/airflow/dags/hello_taskflow.py
[2025-10-24T05:07:34.564+0000] {processor.py:840} INFO - DAG(s) 'hello_dag' retrieved from /opt/airflow/dags/hello_taskflow.py
[2025-10-24T05:07:34.611+0000] {logging_mixin.py:188} INFO - [2025-10-24T05:07:34.611+0000] {dag.py:3089} INFO - Sync 1 DAGs
[2025-10-24T05:07:34.622+0000] {logging_mixin.py:188} INFO - [2025-10-24T05:07:34.622+0000] {dag.py:3947} INFO - Setting next_dagrun for hello_dag to None, run_after=None
[2025-10-24T05:07:34.632+0000] {processor.py:183} INFO - Processing /opt/airflow/dags/hello_taskflow.py took 0.119 seconds
[2025-10-24T05:10:42.935+0000] {processor.py:161} INFO - Started process (PID=24) to work on /opt/airflow/dags/hello_taskflow.py
[2025-10-24T05:10:42.940+0000] {processor.py:830} INFO - Processing file /opt/airflow/dags/hello_taskflow.py for tasks to queue
[2025-10-24T05:10:42.941+0000] {logging_mixin.py:188} INFO - [2025-10-24T05:10:42.941+0000] {dagbag.py:545} INFO - Filling up the DagBag from /opt/airflow/dags/hello_taskflow.py
[2025-10-24T05:10:42.964+0000] {processor.py:840} INFO - DAG(s) 'hello_dag' retrieved from /opt/airflow/dags/hello_taskflow.py
[2025-10-24T05:10:42.988+0000] {logging_mixin.py:188} INFO - [2025-10-24T05:10:42.988+0000] {dag.py:3089} INFO - Sync 1 DAGs
[2025-10-24T05:10:42.997+0000] {logging_mixin.py:188} INFO - [2025-10-24T05:10:42.996+0000] {dag.py:3947} INFO - Setting next_dagrun for hello_dag to None, run_after=None
[2025-10-24T05:10:43.008+0000] {processor.py:183} INFO - Processing /opt/airflow/dags/hello_taskflow.py took 0.079 seconds
[2025-10-24T05:11:13.360+0000] {processor.py:161} INFO - Started process (PID=25) to work on /opt/airflow/dags/hello_taskflow.py
[2025-10-24T05:11:13.362+0000] {processor.py:830} INFO - Processing file /opt/airflow/dags/hello_taskflow.py for tasks to queue
[2025-10-24T05:11:13.371+0000] {logging_mixin.py:188} INFO - [2025-10-24T05:11:13.367+0000] {dagbag.py:545} INFO - Filling up the DagBag from /opt/airflow/dags/hello_taskflow.py
[2025-10-24T05:11:13.398+0000] {processor.py:840} INFO - DAG(s) 'hello_dag' retrieved from /opt/airflow/dags/hello_taskflow.py
[2025-10-24T05:11:13.627+0000] {logging_mixin.py:188} INFO - [2025-10-24T05:11:13.627+0000] {dag.py:3089} INFO - Sync 1 DAGs
[2025-10-24T05:11:13.638+0000] {logging_mixin.py:188} INFO - [2025-10-24T05:11:13.638+0000] {dag.py:3947} INFO - Setting next_dagrun for hello_dag to None, run_after=None
[2025-10-24T05:11:13.665+0000] {processor.py:183} INFO - Processing /opt/airflow/dags/hello_taskflow.py took 0.316 seconds
[2025-10-24T05:11:43.966+0000] {processor.py:161} INFO - Started process (PID=26) to work on /opt/airflow/dags/hello_taskflow.py
[2025-10-24T05:11:43.968+0000] {processor.py:830} INFO - Processing file /opt/airflow/dags/hello_taskflow.py for tasks to queue
[2025-10-24T05:11:43.971+0000] {logging_mixin.py:188} INFO - [2025-10-24T05:11:43.971+0000] {dagbag.py:545} INFO - Filling up the DagBag from /opt/airflow/dags/hello_taskflow.py
[2025-10-24T05:11:43.989+0000] {processor.py:840} INFO - DAG(s) 'hello_dag' retrieved from /opt/airflow/dags/hello_taskflow.py
[2025-10-24T05:11:44.027+0000] {logging_mixin.py:188} INFO - [2025-10-24T05:11:44.027+0000] {dag.py:3089} INFO - Sync 1 DAGs
[2025-10-24T05:11:44.042+0000] {logging_mixin.py:188} INFO - [2025-10-24T05:11:44.042+0000] {dag.py:3947} INFO - Setting next_dagrun for hello_dag to None, run_after=None
[2025-10-24T05:11:44.059+0000] {processor.py:183} INFO - Processing /opt/airflow/dags/hello_taskflow.py took 0.113 seconds
[2025-10-24T05:12:14.609+0000] {processor.py:161} INFO - Started process (PID=27) to work on /opt/airflow/dags/hello_taskflow.py
[2025-10-24T05:12:14.613+0000] {processor.py:830} INFO - Processing file /opt/airflow/dags/hello_taskflow.py for tasks to queue
[2025-10-24T05:12:14.616+0000] {logging_mixin.py:188} INFO - [2025-10-24T05:12:14.616+0000] {dagbag.py:545} INFO - Filling up the DagBag from /opt/airflow/dags/hello_taskflow.py
[2025-10-24T05:12:14.637+0000] {processor.py:840} INFO - DAG(s) 'hello_dag' retrieved from /opt/airflow/dags/hello_taskflow.py
[2025-10-24T05:12:14.691+0000] {logging_mixin.py:188} INFO - [2025-10-24T05:12:14.691+0000] {dag.py:3089} INFO - Sync 1 DAGs
[2025-10-24T05:12:14.707+0000] {logging_mixin.py:188} INFO - [2025-10-24T05:12:14.707+0000] {dag.py:3947} INFO - Setting next_dagrun for hello_dag to None, run_after=None
[2025-10-24T05:12:14.722+0000] {processor.py:183} INFO - Processing /opt/airflow/dags/hello_taskflow.py took 0.128 seconds
[2025-10-24T05:12:45.261+0000] {processor.py:161} INFO - Started process (PID=28) to work on /opt/airflow/dags/hello_taskflow.py
[2025-10-24T05:12:45.263+0000] {processor.py:830} INFO - Processing file /opt/airflow/dags/hello_taskflow.py for tasks to queue
[2025-10-24T05:12:45.266+0000] {logging_mixin.py:188} INFO - [2025-10-24T05:12:45.265+0000] {dagbag.py:545} INFO - Filling up the DagBag from /opt/airflow/dags/hello_taskflow.py
[2025-10-24T05:12:45.285+0000] {processor.py:840} INFO - DAG(s) 'hello_dag' retrieved from /opt/airflow/dags/hello_taskflow.py
[2025-10-24T05:12:45.333+0000] {logging_mixin.py:188} INFO - [2025-10-24T05:12:45.333+0000] {dag.py:3089} INFO - Sync 1 DAGs
[2025-10-24T05:12:45.345+0000] {logging_mixin.py:188} INFO - [2025-10-24T05:12:45.345+0000] {dag.py:3947} INFO - Setting next_dagrun for hello_dag to None, run_after=None
[2025-10-24T05:12:45.371+0000] {processor.py:183} INFO - Processing /opt/airflow/dags/hello_taskflow.py took 0.122 seconds
[2025-10-24T05:12:52.531+0000] {processor.py:161} INFO - Started process (PID=29) to work on /opt/airflow/dags/hello_taskflow.py
[2025-10-24T05:12:52.533+0000] {processor.py:830} INFO - Processing file /opt/airflow/dags/hello_taskflow.py for tasks to queue
[2025-10-24T05:12:52.543+0000] {logging_mixin.py:188} INFO - [2025-10-24T05:12:52.539+0000] {dagbag.py:545} INFO - Filling up the DagBag from /opt/airflow/dags/hello_taskflow.py
[2025-10-24T05:12:52.578+0000] {processor.py:840} INFO - DAG(s) 'hello_dag' retrieved from /opt/airflow/dags/hello_taskflow.py
[2025-10-24T05:12:52.649+0000] {logging_mixin.py:188} INFO - [2025-10-24T05:12:52.649+0000] {dag.py:3089} INFO - Sync 1 DAGs
[2025-10-24T05:12:52.675+0000] {logging_mixin.py:188} INFO - [2025-10-24T05:12:52.675+0000] {dag.py:3947} INFO - Setting next_dagrun for hello_dag to None, run_after=None
[2025-10-24T05:12:52.694+0000] {processor.py:183} INFO - Processing /opt/airflow/dags/hello_taskflow.py took 0.181 seconds
[2025-10-24T05:13:22.934+0000] {processor.py:161} INFO - Started process (PID=30) to work on /opt/airflow/dags/hello_taskflow.py
[2025-10-24T05:13:22.944+0000] {processor.py:830} INFO - Processing file /opt/airflow/dags/hello_taskflow.py for tasks to queue
[2025-10-24T05:13:22.956+0000] {logging_mixin.py:188} INFO - [2025-10-24T05:13:22.955+0000] {dagbag.py:545} INFO - Filling up the DagBag from /opt/airflow/dags/hello_taskflow.py
[2025-10-24T05:13:22.984+0000] {processor.py:840} INFO - DAG(s) 'hello_dag' retrieved from /opt/airflow/dags/hello_taskflow.py
[2025-10-24T05:13:23.033+0000] {logging_mixin.py:188} INFO - [2025-10-24T05:13:23.032+0000] {dag.py:3089} INFO - Sync 1 DAGs
[2025-10-24T05:13:23.114+0000] {logging_mixin.py:188} INFO - [2025-10-24T05:13:23.113+0000] {dag.py:3947} INFO - Setting next_dagrun for hello_dag to None, run_after=None
[2025-10-24T05:13:23.169+0000] {processor.py:183} INFO - Processing /opt/airflow/dags/hello_taskflow.py took 0.253 seconds
[2025-10-24T05:13:53.887+0000] {processor.py:161} INFO - Started process (PID=31) to work on /opt/airflow/dags/hello_taskflow.py
[2025-10-24T05:13:53.896+0000] {processor.py:830} INFO - Processing file /opt/airflow/dags/hello_taskflow.py for tasks to queue
[2025-10-24T05:13:53.919+0000] {logging_mixin.py:188} INFO - [2025-10-24T05:13:53.912+0000] {dagbag.py:545} INFO - Filling up the DagBag from /opt/airflow/dags/hello_taskflow.py
[2025-10-24T05:13:54.141+0000] {processor.py:840} INFO - DAG(s) 'hello_dag' retrieved from /opt/airflow/dags/hello_taskflow.py
[2025-10-24T05:13:54.239+0000] {logging_mixin.py:188} INFO - [2025-10-24T05:13:54.238+0000] {dag.py:3089} INFO - Sync 1 DAGs
[2025-10-24T05:13:54.269+0000] {logging_mixin.py:188} INFO - [2025-10-24T05:13:54.269+0000] {dag.py:3947} INFO - Setting next_dagrun for hello_dag to None, run_after=None
[2025-10-24T05:13:54.298+0000] {processor.py:183} INFO - Processing /opt/airflow/dags/hello_taskflow.py took 0.458 seconds
[2025-10-24T05:14:24.664+0000] {processor.py:161} INFO - Started process (PID=32) to work on /opt/airflow/dags/hello_taskflow.py
[2025-10-24T05:14:24.667+0000] {processor.py:830} INFO - Processing file /opt/airflow/dags/hello_taskflow.py for tasks to queue
[2025-10-24T05:14:24.679+0000] {logging_mixin.py:188} INFO - [2025-10-24T05:14:24.678+0000] {dagbag.py:545} INFO - Filling up the DagBag from /opt/airflow/dags/hello_taskflow.py
[2025-10-24T05:14:24.709+0000] {processor.py:840} INFO - DAG(s) 'hello_dag' retrieved from /opt/airflow/dags/hello_taskflow.py
[2025-10-24T05:14:24.969+0000] {logging_mixin.py:188} INFO - [2025-10-24T05:14:24.968+0000] {dag.py:3089} INFO - Sync 1 DAGs
[2025-10-24T05:14:24.990+0000] {logging_mixin.py:188} INFO - [2025-10-24T05:14:24.990+0000] {dag.py:3947} INFO - Setting next_dagrun for hello_dag to None, run_after=None
[2025-10-24T05:14:25.041+0000] {processor.py:183} INFO - Processing /opt/airflow/dags/hello_taskflow.py took 0.397 seconds
[2025-10-24T05:14:55.384+0000] {processor.py:161} INFO - Started process (PID=33) to work on /opt/airflow/dags/hello_taskflow.py
[2025-10-24T05:14:55.386+0000] {processor.py:830} INFO - Processing file /opt/airflow/dags/hello_taskflow.py for tasks to queue
[2025-10-24T05:14:55.390+0000] {logging_mixin.py:188} INFO - [2025-10-24T05:14:55.390+0000] {dagbag.py:545} INFO - Filling up the DagBag from /opt/airflow/dags/hello_taskflow.py
[2025-10-24T05:14:55.403+0000] {processor.py:840} INFO - DAG(s) 'hello_dag' retrieved from /opt/airflow/dags/hello_taskflow.py
[2025-10-24T05:14:55.420+0000] {logging_mixin.py:188} INFO - [2025-10-24T05:14:55.420+0000] {dag.py:3089} INFO - Sync 1 DAGs
[2025-10-24T05:14:55.433+0000] {logging_mixin.py:188} INFO - [2025-10-24T05:14:55.433+0000] {dag.py:3947} INFO - Setting next_dagrun for hello_dag to None, run_after=None
[2025-10-24T05:14:55.445+0000] {processor.py:183} INFO - Processing /opt/airflow/dags/hello_taskflow.py took 0.073 seconds
[2025-10-24T05:15:26.019+0000] {processor.py:161} INFO - Started process (PID=34) to work on /opt/airflow/dags/hello_taskflow.py
[2025-10-24T05:15:26.022+0000] {processor.py:830} INFO - Processing file /opt/airflow/dags/hello_taskflow.py for tasks to queue
[2025-10-24T05:15:26.033+0000] {logging_mixin.py:188} INFO - [2025-10-24T05:15:26.032+0000] {dagbag.py:545} INFO - Filling up the DagBag from /opt/airflow/dags/hello_taskflow.py
[2025-10-24T05:15:26.071+0000] {processor.py:840} INFO - DAG(s) 'hello_dag' retrieved from /opt/airflow/dags/hello_taskflow.py
[2025-10-24T05:15:26.103+0000] {logging_mixin.py:188} INFO - [2025-10-24T05:15:26.103+0000] {dag.py:3089} INFO - Sync 1 DAGs
[2025-10-24T05:15:26.124+0000] {logging_mixin.py:188} INFO - [2025-10-24T05:15:26.124+0000] {dag.py:3947} INFO - Setting next_dagrun for hello_dag to None, run_after=None
[2025-10-24T05:15:26.146+0000] {processor.py:183} INFO - Processing /opt/airflow/dags/hello_taskflow.py took 0.142 seconds
[2025-10-24T05:15:56.978+0000] {processor.py:161} INFO - Started process (PID=35) to work on /opt/airflow/dags/hello_taskflow.py
[2025-10-24T05:15:56.980+0000] {processor.py:830} INFO - Processing file /opt/airflow/dags/hello_taskflow.py for tasks to queue
[2025-10-24T05:15:56.983+0000] {logging_mixin.py:188} INFO - [2025-10-24T05:15:56.983+0000] {dagbag.py:545} INFO - Filling up the DagBag from /opt/airflow/dags/hello_taskflow.py
[2025-10-24T05:15:57.004+0000] {processor.py:840} INFO - DAG(s) 'hello_dag' retrieved from /opt/airflow/dags/hello_taskflow.py
[2025-10-24T05:15:57.201+0000] {logging_mixin.py:188} INFO - [2025-10-24T05:15:57.201+0000] {dag.py:3089} INFO - Sync 1 DAGs
[2025-10-24T05:15:57.213+0000] {logging_mixin.py:188} INFO - [2025-10-24T05:15:57.213+0000] {dag.py:3947} INFO - Setting next_dagrun for hello_dag to None, run_after=None
[2025-10-24T05:15:57.235+0000] {processor.py:183} INFO - Processing /opt/airflow/dags/hello_taskflow.py took 0.268 seconds
[2025-10-24T05:16:27.358+0000] {processor.py:161} INFO - Started process (PID=36) to work on /opt/airflow/dags/hello_taskflow.py
[2025-10-24T05:16:27.361+0000] {processor.py:830} INFO - Processing file /opt/airflow/dags/hello_taskflow.py for tasks to queue
[2025-10-24T05:16:27.365+0000] {logging_mixin.py:188} INFO - [2025-10-24T05:16:27.364+0000] {dagbag.py:545} INFO - Filling up the DagBag from /opt/airflow/dags/hello_taskflow.py
[2025-10-24T05:16:27.388+0000] {processor.py:840} INFO - DAG(s) 'hello_dag' retrieved from /opt/airflow/dags/hello_taskflow.py
[2025-10-24T05:16:27.434+0000] {logging_mixin.py:188} INFO - [2025-10-24T05:16:27.434+0000] {dag.py:3089} INFO - Sync 1 DAGs
[2025-10-24T05:16:27.449+0000] {logging_mixin.py:188} INFO - [2025-10-24T05:16:27.449+0000] {dag.py:3947} INFO - Setting next_dagrun for hello_dag to None, run_after=None
[2025-10-24T05:16:27.460+0000] {processor.py:183} INFO - Processing /opt/airflow/dags/hello_taskflow.py took 0.121 seconds
[2025-10-24T05:16:57.726+0000] {processor.py:161} INFO - Started process (PID=37) to work on /opt/airflow/dags/hello_taskflow.py
[2025-10-24T05:16:57.731+0000] {processor.py:830} INFO - Processing file /opt/airflow/dags/hello_taskflow.py for tasks to queue
[2025-10-24T05:16:57.740+0000] {logging_mixin.py:188} INFO - [2025-10-24T05:16:57.739+0000] {dagbag.py:545} INFO - Filling up the DagBag from /opt/airflow/dags/hello_taskflow.py
[2025-10-24T05:16:57.760+0000] {processor.py:840} INFO - DAG(s) 'hello_dag' retrieved from /opt/airflow/dags/hello_taskflow.py
[2025-10-24T05:16:57.811+0000] {logging_mixin.py:188} INFO - [2025-10-24T05:16:57.810+0000] {dag.py:3089} INFO - Sync 1 DAGs
[2025-10-24T05:16:57.825+0000] {logging_mixin.py:188} INFO - [2025-10-24T05:16:57.825+0000] {dag.py:3947} INFO - Setting next_dagrun for hello_dag to None, run_after=None
[2025-10-24T05:16:57.840+0000] {processor.py:183} INFO - Processing /opt/airflow/dags/hello_taskflow.py took 0.128 seconds
[2025-10-24T05:17:28.235+0000] {processor.py:161} INFO - Started process (PID=38) to work on /opt/airflow/dags/hello_taskflow.py
[2025-10-24T05:17:28.238+0000] {processor.py:830} INFO - Processing file /opt/airflow/dags/hello_taskflow.py for tasks to queue
[2025-10-24T05:17:28.241+0000] {logging_mixin.py:188} INFO - [2025-10-24T05:17:28.240+0000] {dagbag.py:545} INFO - Filling up the DagBag from /opt/airflow/dags/hello_taskflow.py
[2025-10-24T05:17:28.267+0000] {processor.py:840} INFO - DAG(s) 'hello_dag' retrieved from /opt/airflow/dags/hello_taskflow.py
[2025-10-24T05:17:28.306+0000] {logging_mixin.py:188} INFO - [2025-10-24T05:17:28.305+0000] {dag.py:3089} INFO - Sync 1 DAGs
[2025-10-24T05:17:28.321+0000] {logging_mixin.py:188} INFO - [2025-10-24T05:17:28.321+0000] {dag.py:3947} INFO - Setting next_dagrun for hello_dag to None, run_after=None
[2025-10-24T05:17:28.336+0000] {processor.py:183} INFO - Processing /opt/airflow/dags/hello_taskflow.py took 0.140 seconds
[2025-10-24T05:17:58.580+0000] {processor.py:161} INFO - Started process (PID=39) to work on /opt/airflow/dags/hello_taskflow.py
[2025-10-24T05:17:58.582+0000] {processor.py:830} INFO - Processing file /opt/airflow/dags/hello_taskflow.py for tasks to queue
[2025-10-24T05:17:58.591+0000] {logging_mixin.py:188} INFO - [2025-10-24T05:17:58.588+0000] {dagbag.py:545} INFO - Filling up the DagBag from /opt/airflow/dags/hello_taskflow.py
[2025-10-24T05:17:58.611+0000] {processor.py:840} INFO - DAG(s) 'hello_dag' retrieved from /opt/airflow/dags/hello_taskflow.py
[2025-10-24T05:17:58.669+0000] {logging_mixin.py:188} INFO - [2025-10-24T05:17:58.668+0000] {dag.py:3089} INFO - Sync 1 DAGs
[2025-10-24T05:17:58.684+0000] {logging_mixin.py:188} INFO - [2025-10-24T05:17:58.684+0000] {dag.py:3947} INFO - Setting next_dagrun for hello_dag to None, run_after=None
[2025-10-24T05:17:58.696+0000] {processor.py:183} INFO - Processing /opt/airflow/dags/hello_taskflow.py took 0.130 seconds
[2025-10-24T05:18:29.178+0000] {processor.py:161} INFO - Started process (PID=40) to work on /opt/airflow/dags/hello_taskflow.py
[2025-10-24T05:18:29.181+0000] {processor.py:830} INFO - Processing file /opt/airflow/dags/hello_taskflow.py for tasks to queue
[2025-10-24T05:18:29.192+0000] {logging_mixin.py:188} INFO - [2025-10-24T05:18:29.192+0000] {dagbag.py:545} INFO - Filling up the DagBag from /opt/airflow/dags/hello_taskflow.py
[2025-10-24T05:18:29.209+0000] {processor.py:840} INFO - DAG(s) 'hello_dag' retrieved from /opt/airflow/dags/hello_taskflow.py
[2025-10-24T05:18:29.264+0000] {logging_mixin.py:188} INFO - [2025-10-24T05:18:29.264+0000] {dag.py:3089} INFO - Sync 1 DAGs
[2025-10-24T05:18:29.277+0000] {logging_mixin.py:188} INFO - [2025-10-24T05:18:29.276+0000] {dag.py:3947} INFO - Setting next_dagrun for hello_dag to None, run_after=None
[2025-10-24T05:18:29.291+0000] {processor.py:183} INFO - Processing /opt/airflow/dags/hello_taskflow.py took 0.133 seconds
[2025-10-24T05:18:59.488+0000] {processor.py:161} INFO - Started process (PID=41) to work on /opt/airflow/dags/hello_taskflow.py
[2025-10-24T05:18:59.490+0000] {processor.py:830} INFO - Processing file /opt/airflow/dags/hello_taskflow.py for tasks to queue
[2025-10-24T05:18:59.493+0000] {logging_mixin.py:188} INFO - [2025-10-24T05:18:59.492+0000] {dagbag.py:545} INFO - Filling up the DagBag from /opt/airflow/dags/hello_taskflow.py
[2025-10-24T05:18:59.510+0000] {processor.py:840} INFO - DAG(s) 'hello_dag' retrieved from /opt/airflow/dags/hello_taskflow.py
[2025-10-24T05:18:59.552+0000] {logging_mixin.py:188} INFO - [2025-10-24T05:18:59.552+0000] {dag.py:3089} INFO - Sync 1 DAGs
[2025-10-24T05:18:59.563+0000] {logging_mixin.py:188} INFO - [2025-10-24T05:18:59.563+0000] {dag.py:3947} INFO - Setting next_dagrun for hello_dag to None, run_after=None
[2025-10-24T05:18:59.578+0000] {processor.py:183} INFO - Processing /opt/airflow/dags/hello_taskflow.py took 0.101 seconds
[2025-10-24T05:19:29.952+0000] {processor.py:161} INFO - Started process (PID=42) to work on /opt/airflow/dags/hello_taskflow.py
[2025-10-24T05:19:29.954+0000] {processor.py:830} INFO - Processing file /opt/airflow/dags/hello_taskflow.py for tasks to queue
[2025-10-24T05:19:29.958+0000] {logging_mixin.py:188} INFO - [2025-10-24T05:19:29.958+0000] {dagbag.py:545} INFO - Filling up the DagBag from /opt/airflow/dags/hello_taskflow.py
[2025-10-24T05:19:29.980+0000] {processor.py:840} INFO - DAG(s) 'hello_dag' retrieved from /opt/airflow/dags/hello_taskflow.py
[2025-10-24T05:19:30.023+0000] {logging_mixin.py:188} INFO - [2025-10-24T05:19:30.023+0000] {dag.py:3089} INFO - Sync 1 DAGs
[2025-10-24T05:19:30.047+0000] {logging_mixin.py:188} INFO - [2025-10-24T05:19:30.047+0000] {dag.py:3947} INFO - Setting next_dagrun for hello_dag to None, run_after=None
[2025-10-24T05:19:30.063+0000] {processor.py:183} INFO - Processing /opt/airflow/dags/hello_taskflow.py took 0.126 seconds
[2025-10-24T05:20:00.369+0000] {processor.py:161} INFO - Started process (PID=43) to work on /opt/airflow/dags/hello_taskflow.py
[2025-10-24T05:20:00.371+0000] {processor.py:830} INFO - Processing file /opt/airflow/dags/hello_taskflow.py for tasks to queue
[2025-10-24T05:20:00.381+0000] {logging_mixin.py:188} INFO - [2025-10-24T05:20:00.376+0000] {dagbag.py:545} INFO - Filling up the DagBag from /opt/airflow/dags/hello_taskflow.py
[2025-10-24T05:20:00.401+0000] {processor.py:840} INFO - DAG(s) 'hello_dag' retrieved from /opt/airflow/dags/hello_taskflow.py
[2025-10-24T05:20:00.464+0000] {logging_mixin.py:188} INFO - [2025-10-24T05:20:00.464+0000] {dag.py:3089} INFO - Sync 1 DAGs
[2025-10-24T05:20:00.490+0000] {logging_mixin.py:188} INFO - [2025-10-24T05:20:00.490+0000] {dag.py:3947} INFO - Setting next_dagrun for hello_dag to None, run_after=None
[2025-10-24T05:20:00.511+0000] {processor.py:183} INFO - Processing /opt/airflow/dags/hello_taskflow.py took 0.157 seconds
[2025-10-24T05:20:30.800+0000] {processor.py:161} INFO - Started process (PID=44) to work on /opt/airflow/dags/hello_taskflow.py
[2025-10-24T05:20:30.802+0000] {processor.py:830} INFO - Processing file /opt/airflow/dags/hello_taskflow.py for tasks to queue
[2025-10-24T05:20:30.805+0000] {logging_mixin.py:188} INFO - [2025-10-24T05:20:30.805+0000] {dagbag.py:545} INFO - Filling up the DagBag from /opt/airflow/dags/hello_taskflow.py
[2025-10-24T05:20:30.831+0000] {processor.py:840} INFO - DAG(s) 'hello_dag' retrieved from /opt/airflow/dags/hello_taskflow.py
[2025-10-24T05:20:30.877+0000] {logging_mixin.py:188} INFO - [2025-10-24T05:20:30.876+0000] {dag.py:3089} INFO - Sync 1 DAGs
[2025-10-24T05:20:30.890+0000] {logging_mixin.py:188} INFO - [2025-10-24T05:20:30.890+0000] {dag.py:3947} INFO - Setting next_dagrun for hello_dag to None, run_after=None
[2025-10-24T05:20:30.905+0000] {processor.py:183} INFO - Processing /opt/airflow/dags/hello_taskflow.py took 0.119 seconds
[2025-10-24T05:21:01.271+0000] {processor.py:161} INFO - Started process (PID=45) to work on /opt/airflow/dags/hello_taskflow.py
[2025-10-24T05:21:01.279+0000] {processor.py:830} INFO - Processing file /opt/airflow/dags/hello_taskflow.py for tasks to queue
[2025-10-24T05:21:01.284+0000] {logging_mixin.py:188} INFO - [2025-10-24T05:21:01.283+0000] {dagbag.py:545} INFO - Filling up the DagBag from /opt/airflow/dags/hello_taskflow.py
[2025-10-24T05:21:01.303+0000] {processor.py:840} INFO - DAG(s) 'hello_dag' retrieved from /opt/airflow/dags/hello_taskflow.py
[2025-10-24T05:21:01.364+0000] {logging_mixin.py:188} INFO - [2025-10-24T05:21:01.364+0000] {dag.py:3089} INFO - Sync 1 DAGs
[2025-10-24T05:21:01.379+0000] {logging_mixin.py:188} INFO - [2025-10-24T05:21:01.378+0000] {dag.py:3947} INFO - Setting next_dagrun for hello_dag to None, run_after=None
[2025-10-24T05:21:01.399+0000] {processor.py:183} INFO - Processing /opt/airflow/dags/hello_taskflow.py took 0.147 seconds
[2025-10-24T05:24:51.158+0000] {processor.py:161} INFO - Started process (PID=25) to work on /opt/airflow/dags/hello_taskflow.py
[2025-10-24T05:24:51.160+0000] {processor.py:830} INFO - Processing file /opt/airflow/dags/hello_taskflow.py for tasks to queue
[2025-10-24T05:24:51.165+0000] {logging_mixin.py:188} INFO - [2025-10-24T05:24:51.164+0000] {dagbag.py:545} INFO - Filling up the DagBag from /opt/airflow/dags/hello_taskflow.py
[2025-10-24T05:24:51.191+0000] {processor.py:840} INFO - DAG(s) 'hello_dag' retrieved from /opt/airflow/dags/hello_taskflow.py
[2025-10-24T05:24:51.225+0000] {logging_mixin.py:188} INFO - [2025-10-24T05:24:51.225+0000] {dag.py:3089} INFO - Sync 1 DAGs
[2025-10-24T05:24:51.239+0000] {logging_mixin.py:188} INFO - [2025-10-24T05:24:51.239+0000] {dag.py:3947} INFO - Setting next_dagrun for hello_dag to None, run_after=None
[2025-10-24T05:24:51.261+0000] {processor.py:183} INFO - Processing /opt/airflow/dags/hello_taskflow.py took 0.108 seconds
[2025-10-24T05:26:09.881+0000] {processor.py:161} INFO - Started process (PID=25) to work on /opt/airflow/dags/hello_taskflow.py
[2025-10-24T05:26:09.883+0000] {processor.py:830} INFO - Processing file /opt/airflow/dags/hello_taskflow.py for tasks to queue
[2025-10-24T05:26:09.888+0000] {logging_mixin.py:188} INFO - [2025-10-24T05:26:09.888+0000] {dagbag.py:545} INFO - Filling up the DagBag from /opt/airflow/dags/hello_taskflow.py
[2025-10-24T05:26:09.913+0000] {processor.py:840} INFO - DAG(s) 'hello_dag' retrieved from /opt/airflow/dags/hello_taskflow.py
[2025-10-24T05:26:09.937+0000] {logging_mixin.py:188} INFO - [2025-10-24T05:26:09.937+0000] {dag.py:3089} INFO - Sync 1 DAGs
[2025-10-24T05:26:09.958+0000] {logging_mixin.py:188} INFO - [2025-10-24T05:26:09.957+0000] {dag.py:3947} INFO - Setting next_dagrun for hello_dag to None, run_after=None
[2025-10-24T05:26:10.000+0000] {processor.py:183} INFO - Processing /opt/airflow/dags/hello_taskflow.py took 0.126 seconds
[2025-10-24T05:26:40.369+0000] {processor.py:161} INFO - Started process (PID=26) to work on /opt/airflow/dags/hello_taskflow.py
[2025-10-24T05:26:40.370+0000] {processor.py:830} INFO - Processing file /opt/airflow/dags/hello_taskflow.py for tasks to queue
[2025-10-24T05:26:40.374+0000] {logging_mixin.py:188} INFO - [2025-10-24T05:26:40.373+0000] {dagbag.py:545} INFO - Filling up the DagBag from /opt/airflow/dags/hello_taskflow.py
[2025-10-24T05:26:40.410+0000] {processor.py:840} INFO - DAG(s) 'hello_dag' retrieved from /opt/airflow/dags/hello_taskflow.py
[2025-10-24T05:26:40.760+0000] {logging_mixin.py:188} INFO - [2025-10-24T05:26:40.760+0000] {dag.py:3089} INFO - Sync 1 DAGs
[2025-10-24T05:26:40.775+0000] {logging_mixin.py:188} INFO - [2025-10-24T05:26:40.774+0000] {dag.py:3947} INFO - Setting next_dagrun for hello_dag to None, run_after=None
[2025-10-24T05:26:40.806+0000] {processor.py:183} INFO - Processing /opt/airflow/dags/hello_taskflow.py took 0.449 seconds
[2025-10-24T05:27:10.870+0000] {processor.py:161} INFO - Started process (PID=27) to work on /opt/airflow/dags/hello_taskflow.py
[2025-10-24T05:27:10.872+0000] {processor.py:830} INFO - Processing file /opt/airflow/dags/hello_taskflow.py for tasks to queue
[2025-10-24T05:27:10.875+0000] {logging_mixin.py:188} INFO - [2025-10-24T05:27:10.875+0000] {dagbag.py:545} INFO - Filling up the DagBag from /opt/airflow/dags/hello_taskflow.py
[2025-10-24T05:27:10.898+0000] {processor.py:840} INFO - DAG(s) 'hello_dag' retrieved from /opt/airflow/dags/hello_taskflow.py
[2025-10-24T05:27:10.942+0000] {logging_mixin.py:188} INFO - [2025-10-24T05:27:10.942+0000] {dag.py:3089} INFO - Sync 1 DAGs
[2025-10-24T05:27:10.954+0000] {logging_mixin.py:188} INFO - [2025-10-24T05:27:10.954+0000] {dag.py:3947} INFO - Setting next_dagrun for hello_dag to None, run_after=None
[2025-10-24T05:27:10.969+0000] {processor.py:183} INFO - Processing /opt/airflow/dags/hello_taskflow.py took 0.112 seconds
[2025-10-24T05:27:41.185+0000] {processor.py:161} INFO - Started process (PID=28) to work on /opt/airflow/dags/hello_taskflow.py
[2025-10-24T05:27:41.187+0000] {processor.py:830} INFO - Processing file /opt/airflow/dags/hello_taskflow.py for tasks to queue
[2025-10-24T05:27:41.192+0000] {logging_mixin.py:188} INFO - [2025-10-24T05:27:41.191+0000] {dagbag.py:545} INFO - Filling up the DagBag from /opt/airflow/dags/hello_taskflow.py
[2025-10-24T05:27:41.206+0000] {processor.py:840} INFO - DAG(s) 'hello_dag' retrieved from /opt/airflow/dags/hello_taskflow.py
[2025-10-24T05:27:41.249+0000] {logging_mixin.py:188} INFO - [2025-10-24T05:27:41.249+0000] {dag.py:3089} INFO - Sync 1 DAGs
[2025-10-24T05:27:41.261+0000] {logging_mixin.py:188} INFO - [2025-10-24T05:27:41.260+0000] {dag.py:3947} INFO - Setting next_dagrun for hello_dag to None, run_after=None
[2025-10-24T05:27:41.273+0000] {processor.py:183} INFO - Processing /opt/airflow/dags/hello_taskflow.py took 0.098 seconds
[2025-10-24T05:28:11.641+0000] {processor.py:161} INFO - Started process (PID=29) to work on /opt/airflow/dags/hello_taskflow.py
[2025-10-24T05:28:11.642+0000] {processor.py:830} INFO - Processing file /opt/airflow/dags/hello_taskflow.py for tasks to queue
[2025-10-24T05:28:11.647+0000] {logging_mixin.py:188} INFO - [2025-10-24T05:28:11.647+0000] {dagbag.py:545} INFO - Filling up the DagBag from /opt/airflow/dags/hello_taskflow.py
[2025-10-24T05:28:11.677+0000] {processor.py:840} INFO - DAG(s) 'hello_dag' retrieved from /opt/airflow/dags/hello_taskflow.py
[2025-10-24T05:28:11.751+0000] {logging_mixin.py:188} INFO - [2025-10-24T05:28:11.750+0000] {dag.py:3089} INFO - Sync 1 DAGs
[2025-10-24T05:28:11.788+0000] {logging_mixin.py:188} INFO - [2025-10-24T05:28:11.788+0000] {dag.py:3947} INFO - Setting next_dagrun for hello_dag to None, run_after=None
[2025-10-24T05:28:11.815+0000] {processor.py:183} INFO - Processing /opt/airflow/dags/hello_taskflow.py took 0.192 seconds
[2025-10-24T05:28:42.102+0000] {processor.py:161} INFO - Started process (PID=30) to work on /opt/airflow/dags/hello_taskflow.py
[2025-10-24T05:28:42.103+0000] {processor.py:830} INFO - Processing file /opt/airflow/dags/hello_taskflow.py for tasks to queue
[2025-10-24T05:28:42.106+0000] {logging_mixin.py:188} INFO - [2025-10-24T05:28:42.105+0000] {dagbag.py:545} INFO - Filling up the DagBag from /opt/airflow/dags/hello_taskflow.py
[2025-10-24T05:28:42.122+0000] {processor.py:840} INFO - DAG(s) 'hello_dag' retrieved from /opt/airflow/dags/hello_taskflow.py
[2025-10-24T05:28:42.148+0000] {logging_mixin.py:188} INFO - [2025-10-24T05:28:42.147+0000] {dag.py:3089} INFO - Sync 1 DAGs
[2025-10-24T05:28:42.169+0000] {logging_mixin.py:188} INFO - [2025-10-24T05:28:42.169+0000] {dag.py:3947} INFO - Setting next_dagrun for hello_dag to None, run_after=None
[2025-10-24T05:28:42.187+0000] {processor.py:183} INFO - Processing /opt/airflow/dags/hello_taskflow.py took 0.093 seconds
[2025-10-24T05:29:12.644+0000] {processor.py:161} INFO - Started process (PID=31) to work on /opt/airflow/dags/hello_taskflow.py
[2025-10-24T05:29:12.645+0000] {processor.py:830} INFO - Processing file /opt/airflow/dags/hello_taskflow.py for tasks to queue
[2025-10-24T05:29:12.654+0000] {logging_mixin.py:188} INFO - [2025-10-24T05:29:12.653+0000] {dagbag.py:545} INFO - Filling up the DagBag from /opt/airflow/dags/hello_taskflow.py
[2025-10-24T05:29:12.691+0000] {processor.py:840} INFO - DAG(s) 'hello_dag' retrieved from /opt/airflow/dags/hello_taskflow.py
[2025-10-24T05:29:12.921+0000] {logging_mixin.py:188} INFO - [2025-10-24T05:29:12.921+0000] {dag.py:3089} INFO - Sync 1 DAGs
[2025-10-24T05:29:12.933+0000] {logging_mixin.py:188} INFO - [2025-10-24T05:29:12.932+0000] {dag.py:3947} INFO - Setting next_dagrun for hello_dag to None, run_after=None
[2025-10-24T05:29:12.947+0000] {processor.py:183} INFO - Processing /opt/airflow/dags/hello_taskflow.py took 0.318 seconds
[2025-10-24T05:29:43.359+0000] {processor.py:161} INFO - Started process (PID=32) to work on /opt/airflow/dags/hello_taskflow.py
[2025-10-24T05:29:43.361+0000] {processor.py:830} INFO - Processing file /opt/airflow/dags/hello_taskflow.py for tasks to queue
[2025-10-24T05:29:43.367+0000] {logging_mixin.py:188} INFO - [2025-10-24T05:29:43.367+0000] {dagbag.py:545} INFO - Filling up the DagBag from /opt/airflow/dags/hello_taskflow.py
[2025-10-24T05:29:43.393+0000] {processor.py:840} INFO - DAG(s) 'hello_dag' retrieved from /opt/airflow/dags/hello_taskflow.py
[2025-10-24T05:29:43.442+0000] {logging_mixin.py:188} INFO - [2025-10-24T05:29:43.441+0000] {dag.py:3089} INFO - Sync 1 DAGs
[2025-10-24T05:29:43.452+0000] {logging_mixin.py:188} INFO - [2025-10-24T05:29:43.452+0000] {dag.py:3947} INFO - Setting next_dagrun for hello_dag to None, run_after=None
[2025-10-24T05:29:43.473+0000] {processor.py:183} INFO - Processing /opt/airflow/dags/hello_taskflow.py took 0.130 seconds
[2025-10-24T05:30:13.802+0000] {processor.py:161} INFO - Started process (PID=33) to work on /opt/airflow/dags/hello_taskflow.py
[2025-10-24T05:30:13.803+0000] {processor.py:830} INFO - Processing file /opt/airflow/dags/hello_taskflow.py for tasks to queue
[2025-10-24T05:30:13.808+0000] {logging_mixin.py:188} INFO - [2025-10-24T05:30:13.807+0000] {dagbag.py:545} INFO - Filling up the DagBag from /opt/airflow/dags/hello_taskflow.py
[2025-10-24T05:30:13.827+0000] {processor.py:840} INFO - DAG(s) 'hello_dag' retrieved from /opt/airflow/dags/hello_taskflow.py
[2025-10-24T05:30:13.869+0000] {logging_mixin.py:188} INFO - [2025-10-24T05:30:13.869+0000] {dag.py:3089} INFO - Sync 1 DAGs
[2025-10-24T05:30:13.886+0000] {logging_mixin.py:188} INFO - [2025-10-24T05:30:13.886+0000] {dag.py:3947} INFO - Setting next_dagrun for hello_dag to None, run_after=None
[2025-10-24T05:30:13.898+0000] {processor.py:183} INFO - Processing /opt/airflow/dags/hello_taskflow.py took 0.106 seconds
[2025-10-24T05:30:44.879+0000] {processor.py:161} INFO - Started process (PID=34) to work on /opt/airflow/dags/hello_taskflow.py
[2025-10-24T05:30:44.880+0000] {processor.py:830} INFO - Processing file /opt/airflow/dags/hello_taskflow.py for tasks to queue
[2025-10-24T05:30:44.885+0000] {logging_mixin.py:188} INFO - [2025-10-24T05:30:44.885+0000] {dagbag.py:545} INFO - Filling up the DagBag from /opt/airflow/dags/hello_taskflow.py
[2025-10-24T05:30:44.927+0000] {processor.py:840} INFO - DAG(s) 'hello_dag' retrieved from /opt/airflow/dags/hello_taskflow.py
[2025-10-24T05:30:45.026+0000] {logging_mixin.py:188} INFO - [2025-10-24T05:30:45.026+0000] {dag.py:3089} INFO - Sync 1 DAGs
[2025-10-24T05:30:45.050+0000] {logging_mixin.py:188} INFO - [2025-10-24T05:30:45.050+0000] {dag.py:3947} INFO - Setting next_dagrun for hello_dag to None, run_after=None
[2025-10-24T05:30:45.077+0000] {processor.py:183} INFO - Processing /opt/airflow/dags/hello_taskflow.py took 0.222 seconds
[2025-10-24T05:31:15.938+0000] {processor.py:161} INFO - Started process (PID=35) to work on /opt/airflow/dags/hello_taskflow.py
[2025-10-24T05:31:15.942+0000] {processor.py:830} INFO - Processing file /opt/airflow/dags/hello_taskflow.py for tasks to queue
[2025-10-24T05:31:15.980+0000] {logging_mixin.py:188} INFO - [2025-10-24T05:31:15.959+0000] {dagbag.py:545} INFO - Filling up the DagBag from /opt/airflow/dags/hello_taskflow.py
[2025-10-24T05:31:16.235+0000] {processor.py:840} INFO - DAG(s) 'hello_dag' retrieved from /opt/airflow/dags/hello_taskflow.py
[2025-10-24T05:31:16.438+0000] {logging_mixin.py:188} INFO - [2025-10-24T05:31:16.437+0000] {dag.py:3089} INFO - Sync 1 DAGs
[2025-10-24T05:31:16.509+0000] {logging_mixin.py:188} INFO - [2025-10-24T05:31:16.508+0000] {dag.py:3947} INFO - Setting next_dagrun for hello_dag to None, run_after=None
[2025-10-24T05:31:16.868+0000] {processor.py:183} INFO - Processing /opt/airflow/dags/hello_taskflow.py took 1.006 seconds
[2025-10-24T05:31:47.599+0000] {processor.py:161} INFO - Started process (PID=36) to work on /opt/airflow/dags/hello_taskflow.py
[2025-10-24T05:31:47.607+0000] {processor.py:830} INFO - Processing file /opt/airflow/dags/hello_taskflow.py for tasks to queue
[2025-10-24T05:31:47.610+0000] {logging_mixin.py:188} INFO - [2025-10-24T05:31:47.609+0000] {dagbag.py:545} INFO - Filling up the DagBag from /opt/airflow/dags/hello_taskflow.py
[2025-10-24T05:31:47.632+0000] {processor.py:840} INFO - DAG(s) 'hello_dag' retrieved from /opt/airflow/dags/hello_taskflow.py
[2025-10-24T05:31:47.708+0000] {logging_mixin.py:188} INFO - [2025-10-24T05:31:47.708+0000] {dag.py:3089} INFO - Sync 1 DAGs
[2025-10-24T05:31:47.747+0000] {logging_mixin.py:188} INFO - [2025-10-24T05:31:47.747+0000] {dag.py:3947} INFO - Setting next_dagrun for hello_dag to None, run_after=None
[2025-10-24T05:31:47.762+0000] {processor.py:183} INFO - Processing /opt/airflow/dags/hello_taskflow.py took 0.197 seconds
[2025-10-24T05:32:18.197+0000] {processor.py:161} INFO - Started process (PID=37) to work on /opt/airflow/dags/hello_taskflow.py
[2025-10-24T05:32:18.198+0000] {processor.py:830} INFO - Processing file /opt/airflow/dags/hello_taskflow.py for tasks to queue
[2025-10-24T05:32:18.201+0000] {logging_mixin.py:188} INFO - [2025-10-24T05:32:18.201+0000] {dagbag.py:545} INFO - Filling up the DagBag from /opt/airflow/dags/hello_taskflow.py
[2025-10-24T05:32:18.218+0000] {processor.py:840} INFO - DAG(s) 'hello_dag' retrieved from /opt/airflow/dags/hello_taskflow.py
[2025-10-24T05:32:18.267+0000] {logging_mixin.py:188} INFO - [2025-10-24T05:32:18.267+0000] {dag.py:3089} INFO - Sync 1 DAGs
[2025-10-24T05:32:18.291+0000] {logging_mixin.py:188} INFO - [2025-10-24T05:32:18.291+0000] {dag.py:3947} INFO - Setting next_dagrun for hello_dag to None, run_after=None
[2025-10-24T05:32:18.307+0000] {processor.py:183} INFO - Processing /opt/airflow/dags/hello_taskflow.py took 0.123 seconds
[2025-10-24T05:32:48.662+0000] {processor.py:161} INFO - Started process (PID=38) to work on /opt/airflow/dags/hello_taskflow.py
[2025-10-24T05:32:48.672+0000] {processor.py:830} INFO - Processing file /opt/airflow/dags/hello_taskflow.py for tasks to queue
[2025-10-24T05:32:48.676+0000] {logging_mixin.py:188} INFO - [2025-10-24T05:32:48.675+0000] {dagbag.py:545} INFO - Filling up the DagBag from /opt/airflow/dags/hello_taskflow.py
[2025-10-24T05:32:48.701+0000] {processor.py:840} INFO - DAG(s) 'hello_dag' retrieved from /opt/airflow/dags/hello_taskflow.py
[2025-10-24T05:32:48.754+0000] {logging_mixin.py:188} INFO - [2025-10-24T05:32:48.754+0000] {dag.py:3089} INFO - Sync 1 DAGs
[2025-10-24T05:32:48.778+0000] {logging_mixin.py:188} INFO - [2025-10-24T05:32:48.778+0000] {dag.py:3947} INFO - Setting next_dagrun for hello_dag to None, run_after=None
[2025-10-24T05:32:48.791+0000] {processor.py:183} INFO - Processing /opt/airflow/dags/hello_taskflow.py took 0.153 seconds
[2025-10-24T05:33:19.168+0000] {processor.py:161} INFO - Started process (PID=48) to work on /opt/airflow/dags/hello_taskflow.py
[2025-10-24T05:33:19.169+0000] {processor.py:830} INFO - Processing file /opt/airflow/dags/hello_taskflow.py for tasks to queue
[2025-10-24T05:33:19.175+0000] {logging_mixin.py:188} INFO - [2025-10-24T05:33:19.173+0000] {dagbag.py:545} INFO - Filling up the DagBag from /opt/airflow/dags/hello_taskflow.py
[2025-10-24T05:33:19.204+0000] {processor.py:840} INFO - DAG(s) 'hello_dag' retrieved from /opt/airflow/dags/hello_taskflow.py
[2025-10-24T05:33:19.283+0000] {logging_mixin.py:188} INFO - [2025-10-24T05:33:19.283+0000] {dag.py:3089} INFO - Sync 1 DAGs
[2025-10-24T05:33:19.307+0000] {logging_mixin.py:188} INFO - [2025-10-24T05:33:19.307+0000] {dag.py:3947} INFO - Setting next_dagrun for hello_dag to None, run_after=None
[2025-10-24T05:33:19.328+0000] {processor.py:183} INFO - Processing /opt/airflow/dags/hello_taskflow.py took 0.224 seconds
[2025-10-24T05:33:49.479+0000] {processor.py:161} INFO - Started process (PID=49) to work on /opt/airflow/dags/hello_taskflow.py
[2025-10-24T05:33:49.481+0000] {processor.py:830} INFO - Processing file /opt/airflow/dags/hello_taskflow.py for tasks to queue
[2025-10-24T05:33:49.485+0000] {logging_mixin.py:188} INFO - [2025-10-24T05:33:49.484+0000] {dagbag.py:545} INFO - Filling up the DagBag from /opt/airflow/dags/hello_taskflow.py
[2025-10-24T05:33:49.508+0000] {processor.py:840} INFO - DAG(s) 'hello_dag' retrieved from /opt/airflow/dags/hello_taskflow.py
[2025-10-24T05:33:49.560+0000] {logging_mixin.py:188} INFO - [2025-10-24T05:33:49.560+0000] {dag.py:3089} INFO - Sync 1 DAGs
[2025-10-24T05:33:49.580+0000] {logging_mixin.py:188} INFO - [2025-10-24T05:33:49.580+0000] {dag.py:3947} INFO - Setting next_dagrun for hello_dag to None, run_after=None
[2025-10-24T05:33:49.596+0000] {processor.py:183} INFO - Processing /opt/airflow/dags/hello_taskflow.py took 0.135 seconds
[2025-10-24T05:34:19.888+0000] {processor.py:161} INFO - Started process (PID=50) to work on /opt/airflow/dags/hello_taskflow.py
[2025-10-24T05:34:19.890+0000] {processor.py:830} INFO - Processing file /opt/airflow/dags/hello_taskflow.py for tasks to queue
[2025-10-24T05:34:19.894+0000] {logging_mixin.py:188} INFO - [2025-10-24T05:34:19.894+0000] {dagbag.py:545} INFO - Filling up the DagBag from /opt/airflow/dags/hello_taskflow.py
[2025-10-24T05:34:19.918+0000] {processor.py:840} INFO - DAG(s) 'hello_dag' retrieved from /opt/airflow/dags/hello_taskflow.py
[2025-10-24T05:34:19.979+0000] {logging_mixin.py:188} INFO - [2025-10-24T05:34:19.979+0000] {dag.py:3089} INFO - Sync 1 DAGs
[2025-10-24T05:34:20.019+0000] {logging_mixin.py:188} INFO - [2025-10-24T05:34:20.018+0000] {dag.py:3947} INFO - Setting next_dagrun for hello_dag to None, run_after=None
[2025-10-24T05:34:20.058+0000] {processor.py:183} INFO - Processing /opt/airflow/dags/hello_taskflow.py took 0.184 seconds
[2025-10-24T05:34:50.186+0000] {processor.py:161} INFO - Started process (PID=51) to work on /opt/airflow/dags/hello_taskflow.py
[2025-10-24T05:34:50.188+0000] {processor.py:830} INFO - Processing file /opt/airflow/dags/hello_taskflow.py for tasks to queue
[2025-10-24T05:34:50.191+0000] {logging_mixin.py:188} INFO - [2025-10-24T05:34:50.191+0000] {dagbag.py:545} INFO - Filling up the DagBag from /opt/airflow/dags/hello_taskflow.py
[2025-10-24T05:34:50.214+0000] {processor.py:840} INFO - DAG(s) 'hello_dag' retrieved from /opt/airflow/dags/hello_taskflow.py
[2025-10-24T05:34:50.265+0000] {logging_mixin.py:188} INFO - [2025-10-24T05:34:50.265+0000] {dag.py:3089} INFO - Sync 1 DAGs
[2025-10-24T05:34:50.286+0000] {logging_mixin.py:188} INFO - [2025-10-24T05:34:50.286+0000] {dag.py:3947} INFO - Setting next_dagrun for hello_dag to None, run_after=None
[2025-10-24T05:34:50.303+0000] {processor.py:183} INFO - Processing /opt/airflow/dags/hello_taskflow.py took 0.142 seconds
[2025-10-24T05:35:20.885+0000] {processor.py:161} INFO - Started process (PID=52) to work on /opt/airflow/dags/hello_taskflow.py
[2025-10-24T05:35:20.888+0000] {processor.py:830} INFO - Processing file /opt/airflow/dags/hello_taskflow.py for tasks to queue
[2025-10-24T05:35:20.894+0000] {logging_mixin.py:188} INFO - [2025-10-24T05:35:20.891+0000] {dagbag.py:545} INFO - Filling up the DagBag from /opt/airflow/dags/hello_taskflow.py
[2025-10-24T05:35:20.927+0000] {processor.py:840} INFO - DAG(s) 'hello_dag' retrieved from /opt/airflow/dags/hello_taskflow.py
[2025-10-24T05:35:20.985+0000] {logging_mixin.py:188} INFO - [2025-10-24T05:35:20.984+0000] {dag.py:3089} INFO - Sync 1 DAGs
[2025-10-24T05:35:21.002+0000] {logging_mixin.py:188} INFO - [2025-10-24T05:35:21.002+0000] {dag.py:3947} INFO - Setting next_dagrun for hello_dag to None, run_after=None
[2025-10-24T05:35:21.019+0000] {processor.py:183} INFO - Processing /opt/airflow/dags/hello_taskflow.py took 0.151 seconds
