[2025-10-25T05:24:55.391+0000] {local_task_job_runner.py:120} INFO - ::group::Pre task execution logs
[2025-10-25T05:24:55.446+0000] {taskinstance.py:2076} INFO - Dependencies all met for dep_context=non-requeueable deps ti=<TaskInstance: support_ticket_pipeline.train_small_model manual__2025-10-25T05:19:30.115676+00:00 [queued]>
[2025-10-25T05:24:55.458+0000] {taskinstance.py:2076} INFO - Dependencies all met for dep_context=requeueable deps ti=<TaskInstance: support_ticket_pipeline.train_small_model manual__2025-10-25T05:19:30.115676+00:00 [queued]>
[2025-10-25T05:24:55.458+0000] {taskinstance.py:2306} INFO - Starting attempt 1 of 1
[2025-10-25T05:24:55.466+0000] {taskinstance.py:2330} INFO - Executing <Task(_PythonDecoratedOperator): train_small_model> on 2025-10-25 05:19:30.115676+00:00
[2025-10-25T05:24:55.498+0000] {standard_task_runner.py:90} INFO - Running: ['***', 'tasks', 'run', 'support_ticket_pipeline', 'train_small_model', 'manual__2025-10-25T05:19:30.115676+00:00', '--job-id', '53', '--raw', '--subdir', 'DAGS_FOLDER/support_ticket_pipeline.py', '--cfg-path', '/tmp/tmppy5hd3fe']
[2025-10-25T05:24:55.509+0000] {standard_task_runner.py:91} INFO - Job 53: Subtask train_small_model
[2025-10-25T05:24:55.507+0000] {logging_mixin.py:188} WARNING - /home/***/.local/lib/python3.12/site-packages/***/task/task_runner/standard_task_runner.py:62 DeprecationWarning: This process (pid=234) is multi-threaded, use of fork() may lead to deadlocks in the child.
[2025-10-25T05:24:55.515+0000] {standard_task_runner.py:64} INFO - Started process 260 to run task
[2025-10-25T05:24:55.672+0000] {task_command.py:426} INFO - Running <TaskInstance: support_ticket_pipeline.train_small_model manual__2025-10-25T05:19:30.115676+00:00 [running]> on host 80b38e8f4aea
[2025-10-25T05:24:55.899+0000] {taskinstance.py:2648} INFO - Exporting env vars: AIRFLOW_CTX_DAG_OWNER='***' AIRFLOW_CTX_DAG_ID='support_ticket_pipeline' AIRFLOW_CTX_TASK_ID='train_small_model' AIRFLOW_CTX_EXECUTION_DATE='2025-10-25T05:19:30.115676+00:00' AIRFLOW_CTX_TRY_NUMBER='1' AIRFLOW_CTX_DAG_RUN_ID='manual__2025-10-25T05:19:30.115676+00:00'
[2025-10-25T05:24:55.901+0000] {taskinstance.py:430} INFO - ::endgroup::
[2025-10-25T05:24:55.960+0000] {logging_mixin.py:188} INFO - [warn] Tiny dataset: {np.str_(''): np.int64(2), np.str_('Billing'): np.int64(2), np.str_('Feature Request'): np.int64(1), np.str_('Technical Issue'): np.int64(2)}
[2025-10-25T05:24:55.984+0000] {logging_mixin.py:188} INFO - [train] model=/opt/***/data/models/candidates/model_20251025.pkl, f1=None
[2025-10-25T05:24:55.984+0000] {python.py:237} INFO - Done. Returned value was: /opt/***/data/metrics/metrics_20251025.json
[2025-10-25T05:24:55.985+0000] {taskinstance.py:441} INFO - ::group::Post task execution logs
[2025-10-25T05:24:56.023+0000] {taskinstance.py:1206} INFO - Marking task as SUCCESS. dag_id=support_ticket_pipeline, task_id=train_small_model, run_id=manual__2025-10-25T05:19:30.115676+00:00, execution_date=20251025T051930, start_date=20251025T052455, end_date=20251025T052456
[2025-10-25T05:24:56.089+0000] {local_task_job_runner.py:243} INFO - Task exited with return code 0
[2025-10-25T05:24:56.132+0000] {taskinstance.py:3503} INFO - 1 downstream tasks scheduled from follow-on schedule check
[2025-10-25T05:24:56.134+0000] {local_task_job_runner.py:222} INFO - ::endgroup::
