[2025-10-25T05:21:20.206+0000] {local_task_job_runner.py:120} INFO - ::group::Pre task execution logs
[2025-10-25T05:21:20.269+0000] {taskinstance.py:2076} INFO - Dependencies all met for dep_context=non-requeueable deps ti=<TaskInstance: support_ticket_pipeline.generate_embeddings manual__2025-10-25T05:19:30.115676+00:00 [queued]>
[2025-10-25T05:21:20.281+0000] {taskinstance.py:2076} INFO - Dependencies all met for dep_context=requeueable deps ti=<TaskInstance: support_ticket_pipeline.generate_embeddings manual__2025-10-25T05:19:30.115676+00:00 [queued]>
[2025-10-25T05:21:20.282+0000] {taskinstance.py:2306} INFO - Starting attempt 1 of 1
[2025-10-25T05:21:20.301+0000] {taskinstance.py:2330} INFO - Executing <Task(_PythonDecoratedOperator): generate_embeddings> on 2025-10-25 05:19:30.115676+00:00
[2025-10-25T05:21:20.366+0000] {logging_mixin.py:188} WARNING - /home/***/.local/lib/python3.12/site-packages/***/task/task_runner/standard_task_runner.py:62 DeprecationWarning: This process (pid=100) is multi-threaded, use of fork() may lead to deadlocks in the child.
[2025-10-25T05:21:20.368+0000] {standard_task_runner.py:64} INFO - Started process 124 to run task
[2025-10-25T05:21:20.361+0000] {standard_task_runner.py:90} INFO - Running: ['***', 'tasks', 'run', 'support_ticket_pipeline', 'generate_embeddings', 'manual__2025-10-25T05:19:30.115676+00:00', '--job-id', '51', '--raw', '--subdir', 'DAGS_FOLDER/support_ticket_pipeline.py', '--cfg-path', '/tmp/tmpd0tda30k']
[2025-10-25T05:21:20.370+0000] {standard_task_runner.py:91} INFO - Job 51: Subtask generate_embeddings
[2025-10-25T05:21:20.451+0000] {task_command.py:426} INFO - Running <TaskInstance: support_ticket_pipeline.generate_embeddings manual__2025-10-25T05:19:30.115676+00:00 [running]> on host 80b38e8f4aea
[2025-10-25T05:21:20.580+0000] {taskinstance.py:2648} INFO - Exporting env vars: AIRFLOW_CTX_DAG_OWNER='***' AIRFLOW_CTX_DAG_ID='support_ticket_pipeline' AIRFLOW_CTX_TASK_ID='generate_embeddings' AIRFLOW_CTX_EXECUTION_DATE='2025-10-25T05:19:30.115676+00:00' AIRFLOW_CTX_TRY_NUMBER='1' AIRFLOW_CTX_DAG_RUN_ID='manual__2025-10-25T05:19:30.115676+00:00'
[2025-10-25T05:21:20.583+0000] {taskinstance.py:430} INFO - ::endgroup::
[2025-10-25T05:21:20.683+0000] {SentenceTransformer.py:189} INFO - Use pytorch device_name: cpu
[2025-10-25T05:21:20.683+0000] {SentenceTransformer.py:197} INFO - Load pretrained SentenceTransformer: sentence-transformers/all-MiniLM-L6-v2
[2025-10-25T05:24:17.576+0000] {logging_mixin.py:188} INFO - [embed] Wrote /opt/***/data/features/embeddings_20251025.npz shape=(7, 384), labels=True
[2025-10-25T05:24:17.583+0000] {python.py:237} INFO - Done. Returned value was: /opt/***/data/features/embeddings_20251025.npz
[2025-10-25T05:24:17.584+0000] {taskinstance.py:441} INFO - ::group::Post task execution logs
[2025-10-25T05:24:17.724+0000] {taskinstance.py:1206} INFO - Marking task as SUCCESS. dag_id=support_ticket_pipeline, task_id=generate_embeddings, run_id=manual__2025-10-25T05:19:30.115676+00:00, execution_date=20251025T051930, start_date=20251025T052120, end_date=20251025T052417
[2025-10-25T05:24:17.822+0000] {local_task_job_runner.py:243} INFO - Task exited with return code 0
[2025-10-25T05:24:17.883+0000] {taskinstance.py:3503} INFO - 1 downstream tasks scheduled from follow-on schedule check
[2025-10-25T05:24:17.885+0000] {local_task_job_runner.py:222} INFO - ::endgroup::
