[2025-10-25T04:25:40.399+0000] {local_task_job_runner.py:120} INFO - ::group::Pre task execution logs
[2025-10-25T04:25:40.582+0000] {taskinstance.py:2076} INFO - Dependencies all met for dep_context=non-requeueable deps ti=<TaskInstance: support_ticket_pipeline.train_small_model manual__2025-10-25T04:23:43.635149+00:00 [queued]>
[2025-10-25T04:25:40.597+0000] {taskinstance.py:2076} INFO - Dependencies all met for dep_context=requeueable deps ti=<TaskInstance: support_ticket_pipeline.train_small_model manual__2025-10-25T04:23:43.635149+00:00 [queued]>
[2025-10-25T04:25:40.597+0000] {taskinstance.py:2306} INFO - Starting attempt 1 of 1
[2025-10-25T04:25:40.618+0000] {taskinstance.py:2330} INFO - Executing <Task(_PythonDecoratedOperator): train_small_model> on 2025-10-25 04:23:43.635149+00:00
[2025-10-25T04:25:40.651+0000] {standard_task_runner.py:90} INFO - Running: ['***', 'tasks', 'run', 'support_ticket_pipeline', 'train_small_model', 'manual__2025-10-25T04:23:43.635149+00:00', '--job-id', '42', '--raw', '--subdir', 'DAGS_FOLDER/support_ticket_pipeline.py', '--cfg-path', '/tmp/tmpjw8b9b3p']
[2025-10-25T04:25:40.662+0000] {standard_task_runner.py:91} INFO - Job 42: Subtask train_small_model
[2025-10-25T04:25:40.662+0000] {logging_mixin.py:188} WARNING - /home/***/.local/lib/python3.12/site-packages/***/task/task_runner/standard_task_runner.py:62 DeprecationWarning: This process (pid=788) is multi-threaded, use of fork() may lead to deadlocks in the child.
[2025-10-25T04:25:40.664+0000] {standard_task_runner.py:64} INFO - Started process 799 to run task
[2025-10-25T04:25:40.925+0000] {task_command.py:426} INFO - Running <TaskInstance: support_ticket_pipeline.train_small_model manual__2025-10-25T04:23:43.635149+00:00 [running]> on host 120c55d1f138
[2025-10-25T04:25:41.261+0000] {taskinstance.py:2648} INFO - Exporting env vars: AIRFLOW_CTX_DAG_OWNER='***' AIRFLOW_CTX_DAG_ID='support_ticket_pipeline' AIRFLOW_CTX_TASK_ID='train_small_model' AIRFLOW_CTX_EXECUTION_DATE='2025-10-25T04:23:43.635149+00:00' AIRFLOW_CTX_TRY_NUMBER='1' AIRFLOW_CTX_DAG_RUN_ID='manual__2025-10-25T04:23:43.635149+00:00'
[2025-10-25T04:25:41.264+0000] {taskinstance.py:430} INFO - ::endgroup::
[2025-10-25T04:25:43.651+0000] {taskinstance.py:441} INFO - ::group::Post task execution logs
[2025-10-25T04:25:43.654+0000] {taskinstance.py:2905} ERROR - Task failed with exception
Traceback (most recent call last):
  File "/home/airflow/.local/lib/python3.12/site-packages/airflow/models/taskinstance.py", line 465, in _execute_task
    result = _execute_callable(context=context, **execute_callable_kwargs)
             ^^^^^^^^^^^^^^^^^^^^^^^^^^^^^^^^^^^^^^^^^^^^^^^^^^^^^^^^^^^^^
  File "/home/airflow/.local/lib/python3.12/site-packages/airflow/models/taskinstance.py", line 432, in _execute_callable
    return execute_callable(context=context, **execute_callable_kwargs)
           ^^^^^^^^^^^^^^^^^^^^^^^^^^^^^^^^^^^^^^^^^^^^^^^^^^^^^^^^^^^^
  File "/home/airflow/.local/lib/python3.12/site-packages/airflow/models/baseoperator.py", line 401, in wrapper
    return func(self, *args, **kwargs)
           ^^^^^^^^^^^^^^^^^^^^^^^^^^^
  File "/home/airflow/.local/lib/python3.12/site-packages/airflow/decorators/base.py", line 265, in execute
    return_value = super().execute(context)
                   ^^^^^^^^^^^^^^^^^^^^^^^^
  File "/home/airflow/.local/lib/python3.12/site-packages/airflow/models/baseoperator.py", line 401, in wrapper
    return func(self, *args, **kwargs)
           ^^^^^^^^^^^^^^^^^^^^^^^^^^^
  File "/home/airflow/.local/lib/python3.12/site-packages/airflow/operators/python.py", line 235, in execute
    return_value = self.execute_callable()
                   ^^^^^^^^^^^^^^^^^^^^^^^
  File "/home/airflow/.local/lib/python3.12/site-packages/airflow/operators/python.py", line 252, in execute_callable
    return self.python_callable(*self.op_args, **self.op_kwargs)
           ^^^^^^^^^^^^^^^^^^^^^^^^^^^^^^^^^^^^^^^^^^^^^^^^^^^^^
  File "/opt/airflow/dags/support_ticket_pipeline.py", line 159, in train_small_model
    X_train, X_val, y_train, y_val = train_test_split(
                                     ^^^^^^^^^^^^^^^^^
  File "/home/airflow/.local/lib/python3.12/site-packages/sklearn/utils/_param_validation.py", line 213, in wrapper
    return func(*args, **kwargs)
           ^^^^^^^^^^^^^^^^^^^^^
  File "/home/airflow/.local/lib/python3.12/site-packages/sklearn/model_selection/_split.py", line 2806, in train_test_split
    train, test = next(cv.split(X=arrays[0], y=stratify))
                  ^^^^^^^^^^^^^^^^^^^^^^^^^^^^^^^^^^^^^^^
  File "/home/airflow/.local/lib/python3.12/site-packages/sklearn/model_selection/_split.py", line 1843, in split
    for train, test in self._iter_indices(X, y, groups):
  File "/home/airflow/.local/lib/python3.12/site-packages/sklearn/model_selection/_split.py", line 2252, in _iter_indices
    raise ValueError(
ValueError: The least populated class in y has only 1 member, which is too few. The minimum number of groups for any class cannot be less than 2.
[2025-10-25T04:25:43.722+0000] {taskinstance.py:1206} INFO - Marking task as FAILED. dag_id=support_ticket_pipeline, task_id=train_small_model, run_id=manual__2025-10-25T04:23:43.635149+00:00, execution_date=20251025T042343, start_date=20251025T042540, end_date=20251025T042543
[2025-10-25T04:25:43.757+0000] {standard_task_runner.py:110} ERROR - Failed to execute job 42 for task train_small_model (The least populated class in y has only 1 member, which is too few. The minimum number of groups for any class cannot be less than 2.; 799)
[2025-10-25T04:25:43.817+0000] {local_task_job_runner.py:243} INFO - Task exited with return code 1
[2025-10-25T04:25:43.896+0000] {taskinstance.py:3503} INFO - 0 downstream tasks scheduled from follow-on schedule check
[2025-10-25T04:25:43.900+0000] {local_task_job_runner.py:222} INFO - ::endgroup::
