[2025-10-25T04:24:50.445+0000] {local_task_job_runner.py:120} INFO - ::group::Pre task execution logs
[2025-10-25T04:24:50.500+0000] {taskinstance.py:2076} INFO - Dependencies all met for dep_context=non-requeueable deps ti=<TaskInstance: support_ticket_pipeline.generate_embeddings manual__2025-10-25T04:23:43.635149+00:00 [queued]>
[2025-10-25T04:24:50.510+0000] {taskinstance.py:2076} INFO - Dependencies all met for dep_context=requeueable deps ti=<TaskInstance: support_ticket_pipeline.generate_embeddings manual__2025-10-25T04:23:43.635149+00:00 [queued]>
[2025-10-25T04:24:50.511+0000] {taskinstance.py:2306} INFO - Starting attempt 1 of 1
[2025-10-25T04:24:50.526+0000] {taskinstance.py:2330} INFO - Executing <Task(_PythonDecoratedOperator): generate_embeddings> on 2025-10-25 04:23:43.635149+00:00
[2025-10-25T04:24:50.552+0000] {standard_task_runner.py:90} INFO - Running: ['***', 'tasks', 'run', 'support_ticket_pipeline', 'generate_embeddings', 'manual__2025-10-25T04:23:43.635149+00:00', '--job-id', '41', '--raw', '--subdir', 'DAGS_FOLDER/support_ticket_pipeline.py', '--cfg-path', '/tmp/tmpksvdvecz']
[2025-10-25T04:24:50.557+0000] {logging_mixin.py:188} WARNING - /home/***/.local/lib/python3.12/site-packages/***/task/task_runner/standard_task_runner.py:62 DeprecationWarning: This process (pid=744) is multi-threaded, use of fork() may lead to deadlocks in the child.
[2025-10-25T04:24:50.558+0000] {standard_task_runner.py:91} INFO - Job 41: Subtask generate_embeddings
[2025-10-25T04:24:50.558+0000] {standard_task_runner.py:64} INFO - Started process 753 to run task
[2025-10-25T04:24:50.727+0000] {task_command.py:426} INFO - Running <TaskInstance: support_ticket_pipeline.generate_embeddings manual__2025-10-25T04:23:43.635149+00:00 [running]> on host 120c55d1f138
[2025-10-25T04:24:51.010+0000] {taskinstance.py:2648} INFO - Exporting env vars: AIRFLOW_CTX_DAG_OWNER='***' AIRFLOW_CTX_DAG_ID='support_ticket_pipeline' AIRFLOW_CTX_TASK_ID='generate_embeddings' AIRFLOW_CTX_EXECUTION_DATE='2025-10-25T04:23:43.635149+00:00' AIRFLOW_CTX_TRY_NUMBER='1' AIRFLOW_CTX_DAG_RUN_ID='manual__2025-10-25T04:23:43.635149+00:00'
[2025-10-25T04:24:51.013+0000] {taskinstance.py:430} INFO - ::endgroup::
[2025-10-25T04:25:21.463+0000] {SentenceTransformer.py:189} INFO - Use pytorch device_name: cpu
[2025-10-25T04:25:21.466+0000] {SentenceTransformer.py:197} INFO - Load pretrained SentenceTransformer: sentence-transformers/all-MiniLM-L6-v2
[2025-10-25T04:25:25.439+0000] {logging_mixin.py:188} INFO - Embeddings saved to /opt/***/data/features/embeddings_20251025.npz (shape=(5, 384), labels=True)
[2025-10-25T04:25:25.453+0000] {python.py:237} INFO - Done. Returned value was: /opt/***/data/features/embeddings_20251025.npz
[2025-10-25T04:25:25.470+0000] {taskinstance.py:441} INFO - ::group::Post task execution logs
[2025-10-25T04:25:25.735+0000] {taskinstance.py:1206} INFO - Marking task as SUCCESS. dag_id=support_ticket_pipeline, task_id=generate_embeddings, run_id=manual__2025-10-25T04:23:43.635149+00:00, execution_date=20251025T042343, start_date=20251025T042450, end_date=20251025T042525
[2025-10-25T04:25:25.976+0000] {local_task_job_runner.py:243} INFO - Task exited with return code 0
[2025-10-25T04:25:26.185+0000] {taskinstance.py:3503} INFO - 1 downstream tasks scheduled from follow-on schedule check
[2025-10-25T04:25:26.189+0000] {local_task_job_runner.py:222} INFO - ::endgroup::
